[2025-09-12 07:37:23,241][core.utils.misc][WARNING] - Extras config not found! <cfg.extras=null>
[2025-09-12 07:37:39,892][__main__][INFO] - Logging hyperparameters!
[2025-09-12 07:37:41,064][core.utils.misc][ERROR] - 
Traceback (most recent call last):
  File "/picassox/vepfs-mtlab-train-base-new/human-body/weichen.zhang/CameraHMR/core/utils/misc.py", line 39, in wrap
    ret = task_func(cfg=cfg)
  File "/picassox/vepfs-mtlab-train-base-new/human-body/weichen.zhang/CameraHMR/train.py", line 99, in train
    trainer.fit(model, datamodule=datamodule, ckpt_path='last')
  File "/picassox/vepfs-mtlab-train-base-new/human-body/dry/envs/video_tryon/lib/python3.10/site-packages/pytorch_lightning/trainer/trainer.py", line 561, in fit
    call._call_and_handle_interrupt(
  File "/picassox/vepfs-mtlab-train-base-new/human-body/dry/envs/video_tryon/lib/python3.10/site-packages/pytorch_lightning/trainer/call.py", line 48, in _call_and_handle_interrupt
    return trainer.strategy.launcher.launch(trainer_fn, *args, trainer=trainer, **kwargs)
  File "/picassox/vepfs-mtlab-train-base-new/human-body/dry/envs/video_tryon/lib/python3.10/site-packages/pytorch_lightning/strategies/launchers/subprocess_script.py", line 105, in launch
    return function(*args, **kwargs)
  File "/picassox/vepfs-mtlab-train-base-new/human-body/dry/envs/video_tryon/lib/python3.10/site-packages/pytorch_lightning/trainer/trainer.py", line 599, in _fit_impl
    self._run(model, ckpt_path=ckpt_path)
  File "/picassox/vepfs-mtlab-train-base-new/human-body/dry/envs/video_tryon/lib/python3.10/site-packages/pytorch_lightning/trainer/trainer.py", line 974, in _run
    call._call_setup_hook(self)  # allow user to set up LightningModule in accelerator environment
  File "/picassox/vepfs-mtlab-train-base-new/human-body/dry/envs/video_tryon/lib/python3.10/site-packages/pytorch_lightning/trainer/call.py", line 108, in _call_setup_hook
    _call_lightning_datamodule_hook(trainer, "setup", stage=fn)
  File "/picassox/vepfs-mtlab-train-base-new/human-body/dry/envs/video_tryon/lib/python3.10/site-packages/pytorch_lightning/trainer/call.py", line 199, in _call_lightning_datamodule_hook
    return fn(*args, **kwargs)
  File "/picassox/vepfs-mtlab-train-base-new/human-body/weichen.zhang/CameraHMR/core/datasets/__init__.py", line 22, in setup
    self.train_dataset = self.train_dataset_prepare()
  File "/picassox/vepfs-mtlab-train-base-new/human-body/weichen.zhang/CameraHMR/core/datasets/__init__.py", line 28, in train_dataset_prepare
    dataset_list = [DatasetTrain(self.cfg, ds) for ds in dataset_names]
  File "/picassox/vepfs-mtlab-train-base-new/human-body/weichen.zhang/CameraHMR/core/datasets/__init__.py", line 28, in <listcomp>
    dataset_list = [DatasetTrain(self.cfg, ds) for ds in dataset_names]
  File "/picassox/vepfs-mtlab-train-base-new/human-body/weichen.zhang/CameraHMR/core/datasets/dataset_train.py", line 35, in __init__
    self.img_dir = DATASET_FOLDERS[dataset]
KeyError: 'agora-body-bbox44'
[2025-09-12 07:37:41,073][core.utils.misc][INFO] - Closing loggers...
[2025-09-12 07:39:31,293][core.utils.misc][WARNING] - Extras config not found! <cfg.extras=null>
[2025-09-12 07:39:48,094][__main__][INFO] - Logging hyperparameters!
[2025-09-12 07:39:48,965][core.utils.misc][ERROR] - 
Traceback (most recent call last):
  File "/picassox/vepfs-mtlab-train-base-new/human-body/weichen.zhang/CameraHMR/core/utils/misc.py", line 39, in wrap
    ret = task_func(cfg=cfg)
  File "/picassox/vepfs-mtlab-train-base-new/human-body/weichen.zhang/CameraHMR/train.py", line 99, in train
    trainer.fit(model, datamodule=datamodule, ckpt_path='last')
  File "/picassox/vepfs-mtlab-train-base-new/human-body/dry/envs/video_tryon/lib/python3.10/site-packages/pytorch_lightning/trainer/trainer.py", line 561, in fit
    call._call_and_handle_interrupt(
  File "/picassox/vepfs-mtlab-train-base-new/human-body/dry/envs/video_tryon/lib/python3.10/site-packages/pytorch_lightning/trainer/call.py", line 48, in _call_and_handle_interrupt
    return trainer.strategy.launcher.launch(trainer_fn, *args, trainer=trainer, **kwargs)
  File "/picassox/vepfs-mtlab-train-base-new/human-body/dry/envs/video_tryon/lib/python3.10/site-packages/pytorch_lightning/strategies/launchers/subprocess_script.py", line 105, in launch
    return function(*args, **kwargs)
  File "/picassox/vepfs-mtlab-train-base-new/human-body/dry/envs/video_tryon/lib/python3.10/site-packages/pytorch_lightning/trainer/trainer.py", line 599, in _fit_impl
    self._run(model, ckpt_path=ckpt_path)
  File "/picassox/vepfs-mtlab-train-base-new/human-body/dry/envs/video_tryon/lib/python3.10/site-packages/pytorch_lightning/trainer/trainer.py", line 974, in _run
    call._call_setup_hook(self)  # allow user to set up LightningModule in accelerator environment
  File "/picassox/vepfs-mtlab-train-base-new/human-body/dry/envs/video_tryon/lib/python3.10/site-packages/pytorch_lightning/trainer/call.py", line 108, in _call_setup_hook
    _call_lightning_datamodule_hook(trainer, "setup", stage=fn)
  File "/picassox/vepfs-mtlab-train-base-new/human-body/dry/envs/video_tryon/lib/python3.10/site-packages/pytorch_lightning/trainer/call.py", line 199, in _call_lightning_datamodule_hook
    return fn(*args, **kwargs)
  File "/picassox/vepfs-mtlab-train-base-new/human-body/weichen.zhang/CameraHMR/core/datasets/__init__.py", line 22, in setup
    self.train_dataset = self.train_dataset_prepare()
  File "/picassox/vepfs-mtlab-train-base-new/human-body/weichen.zhang/CameraHMR/core/datasets/__init__.py", line 28, in train_dataset_prepare
    dataset_list = [DatasetTrain(self.cfg, ds) for ds in dataset_names]
  File "/picassox/vepfs-mtlab-train-base-new/human-body/weichen.zhang/CameraHMR/core/datasets/__init__.py", line 28, in <listcomp>
    dataset_list = [DatasetTrain(self.cfg, ds) for ds in dataset_names]
  File "/picassox/vepfs-mtlab-train-base-new/human-body/weichen.zhang/CameraHMR/core/datasets/dataset_train.py", line 36, in __init__
    self.data = np.load(DATASET_FILES[is_train][dataset], allow_pickle=True)
KeyError: 'agora-body-bbox44'
[2025-09-12 07:39:48,972][core.utils.misc][INFO] - Closing loggers...
[2025-09-12 07:40:36,214][core.utils.misc][WARNING] - Extras config not found! <cfg.extras=null>
[2025-09-12 07:40:52,465][__main__][INFO] - Logging hyperparameters!
[2025-09-12 07:40:53,524][core.datasets.dataset_train][INFO] - Loaded agora-body-bbox44 dataset, num samples 82265
[2025-09-12 07:40:53,764][core.datasets.dataset_train][INFO] - Loaded static-hdri-bbox44 dataset, num samples 89741
[2025-09-12 07:40:53,966][core.datasets.dataset_train][INFO] - Loaded zoom-suburbd-bbox44 dataset, num samples 77526
[2025-09-12 07:40:54,026][core.datasets.dataset_train][INFO] - Loaded closeup-suburba-bbox44 dataset, num samples 8959
[2025-09-12 07:40:54,083][core.datasets.dataset_train][INFO] - Loaded closeup-suburbb-bbox44 dataset, num samples 8448
[2025-09-12 07:40:54,121][core.datasets.dataset_train][INFO] - Loaded closeup-suburbc-bbox44 dataset, num samples 8801
[2025-09-12 07:40:54,162][core.datasets.dataset_train][INFO] - Loaded closeup-suburbd-bbox44 dataset, num samples 8457
[2025-09-12 07:40:54,216][core.datasets.dataset_train][INFO] - Loaded closeup-gym-bbox44 dataset, num samples 17135
[2025-09-12 07:40:54,433][core.datasets.dataset_train][INFO] - Loaded zoom-gym-bbox44 dataset, num samples 72104
[2025-09-12 07:40:54,687][core.datasets.dataset_train][INFO] - Loaded static-gym-bbox44 dataset, num samples 83185
[2025-09-12 07:40:54,769][core.datasets.dataset_train][INFO] - Loaded static-office-bbox44 dataset, num samples 21991
[2025-09-12 07:40:54,844][core.datasets.dataset_train][INFO] - Loaded orbit-office-bbox44 dataset, num samples 21852
[2025-09-12 07:40:55,083][core.datasets.dataset_train][INFO] - Loaded static-hdri-zoomed-bbox44 dataset, num samples 86660
[2025-09-12 07:40:55,191][core.datasets.dataset_train][INFO] - Loaded pitchup-stadium-bbox44 dataset, num samples 36325
[2025-09-12 07:40:55,301][core.datasets.dataset_train][INFO] - Loaded pitchdown-stadium-bbox44 dataset, num samples 36889
[2025-09-12 07:40:55,383][core.datasets.dataset_train][INFO] - Loaded static-hdri-bmi-bbox44 dataset, num samples 22749
[2025-09-12 07:40:55,429][core.datasets.dataset_train][INFO] - Loaded closeup-suburbb-bmi-bbox44 dataset, num samples 8769
[2025-09-12 07:40:55,473][core.datasets.dataset_train][INFO] - Loaded closeup-suburbc-bmi-bbox44 dataset, num samples 8245
[2025-09-12 07:40:55,863][core.datasets.dataset_train][INFO] - Loaded static-suburbd-bmi-bbox44 dataset, num samples 150860
[2025-09-12 07:40:55,971][core.datasets.dataset_train][INFO] - Loaded zoom-gym-bmi-bbox44 dataset, num samples 31019
[2025-09-12 07:40:56,042][core.datasets.dataset_train][INFO] - Loaded static-office-hair-bbox44 dataset, num samples 21731
[2025-09-12 07:40:56,118][core.datasets.dataset_train][INFO] - Loaded zoom-suburbd-hair-bbox44 dataset, num samples 23017
[2025-09-12 07:40:56,187][core.datasets.dataset_train][INFO] - Loaded static-gym-hair-bbox44 dataset, num samples 17553
[2025-09-12 07:40:56,271][core.datasets.dataset_train][INFO] - Loaded orbit-archviz-15-bbox44 dataset, num samples 22305
[2025-09-12 07:40:56,341][core.datasets.dataset_train][INFO] - Loaded orbit-archviz-19-bbox44 dataset, num samples 22623
[2025-09-12 07:40:56,415][core.datasets.dataset_train][INFO] - Loaded orbit-archviz-12-bbox44 dataset, num samples 22569
[2025-09-12 07:40:56,493][core.datasets.dataset_train][INFO] - Loaded orbit-archviz-10-bbox44 dataset, num samples 21825
[2025-09-12 07:40:59,149][core.datasets.dataset_train][INFO] - Loaded insta-1 dataset, num samples 1258262
[2025-09-12 07:41:02,506][core.datasets.dataset_train][INFO] - Loaded insta-2 dataset, num samples 1546764
[2025-09-12 07:41:02,645][core.datasets.dataset_train][INFO] - Loaded coco-train dataset, num samples 39668
[2025-09-12 07:41:02,678][core.datasets.dataset_train][INFO] - Loaded mpii-train dataset, num samples 7135
[2025-09-12 07:41:03,714][core.datasets.dataset_train][INFO] - Loaded aic dataset, num samples 535161
[2025-09-12 07:41:11,338][core.datasets.dataset_val][INFO] - Loaded emdb-smpl dataset, num samples 24117
[2025-09-12 07:41:18,233][core.utils.misc][ERROR] - 
Traceback (most recent call last):
  File "/picassox/vepfs-mtlab-train-base-new/human-body/weichen.zhang/CameraHMR/core/utils/misc.py", line 39, in wrap
    ret = task_func(cfg=cfg)
  File "/picassox/vepfs-mtlab-train-base-new/human-body/weichen.zhang/CameraHMR/train.py", line 99, in train
    trainer.fit(model, datamodule=datamodule, ckpt_path='last')
  File "/picassox/vepfs-mtlab-train-base-new/human-body/dry/envs/video_tryon/lib/python3.10/site-packages/pytorch_lightning/trainer/trainer.py", line 561, in fit
    call._call_and_handle_interrupt(
  File "/picassox/vepfs-mtlab-train-base-new/human-body/dry/envs/video_tryon/lib/python3.10/site-packages/pytorch_lightning/trainer/call.py", line 48, in _call_and_handle_interrupt
    return trainer.strategy.launcher.launch(trainer_fn, *args, trainer=trainer, **kwargs)
  File "/picassox/vepfs-mtlab-train-base-new/human-body/dry/envs/video_tryon/lib/python3.10/site-packages/pytorch_lightning/strategies/launchers/subprocess_script.py", line 105, in launch
    return function(*args, **kwargs)
  File "/picassox/vepfs-mtlab-train-base-new/human-body/dry/envs/video_tryon/lib/python3.10/site-packages/pytorch_lightning/trainer/trainer.py", line 599, in _fit_impl
    self._run(model, ckpt_path=ckpt_path)
  File "/picassox/vepfs-mtlab-train-base-new/human-body/dry/envs/video_tryon/lib/python3.10/site-packages/pytorch_lightning/trainer/trainer.py", line 1012, in _run
    results = self._run_stage()
  File "/picassox/vepfs-mtlab-train-base-new/human-body/dry/envs/video_tryon/lib/python3.10/site-packages/pytorch_lightning/trainer/trainer.py", line 1054, in _run_stage
    self._run_sanity_check()
  File "/picassox/vepfs-mtlab-train-base-new/human-body/dry/envs/video_tryon/lib/python3.10/site-packages/pytorch_lightning/trainer/trainer.py", line 1083, in _run_sanity_check
    val_loop.run()
  File "/picassox/vepfs-mtlab-train-base-new/human-body/dry/envs/video_tryon/lib/python3.10/site-packages/pytorch_lightning/loops/utilities.py", line 179, in _decorator
    return loop_run(self, *args, **kwargs)
  File "/picassox/vepfs-mtlab-train-base-new/human-body/dry/envs/video_tryon/lib/python3.10/site-packages/pytorch_lightning/loops/evaluation_loop.py", line 138, in run
    batch, batch_idx, dataloader_idx = next(data_fetcher)
  File "/picassox/vepfs-mtlab-train-base-new/human-body/dry/envs/video_tryon/lib/python3.10/site-packages/pytorch_lightning/loops/fetchers.py", line 134, in __next__
    batch = super().__next__()
  File "/picassox/vepfs-mtlab-train-base-new/human-body/dry/envs/video_tryon/lib/python3.10/site-packages/pytorch_lightning/loops/fetchers.py", line 61, in __next__
    batch = next(self.iterator)
  File "/picassox/vepfs-mtlab-train-base-new/human-body/dry/envs/video_tryon/lib/python3.10/site-packages/pytorch_lightning/utilities/combined_loader.py", line 341, in __next__
    out = next(self._iterator)
  File "/picassox/vepfs-mtlab-train-base-new/human-body/dry/envs/video_tryon/lib/python3.10/site-packages/pytorch_lightning/utilities/combined_loader.py", line 142, in __next__
    out = next(self.iterators[0])
  File "/picassox/vepfs-mtlab-train-base-new/human-body/dry/envs/video_tryon/lib/python3.10/site-packages/torch/utils/data/dataloader.py", line 708, in __next__
    data = self._next_data()
  File "/picassox/vepfs-mtlab-train-base-new/human-body/dry/envs/video_tryon/lib/python3.10/site-packages/torch/utils/data/dataloader.py", line 1480, in _next_data
    return self._process_data(data)
  File "/picassox/vepfs-mtlab-train-base-new/human-body/dry/envs/video_tryon/lib/python3.10/site-packages/torch/utils/data/dataloader.py", line 1505, in _process_data
    data.reraise()
  File "/picassox/vepfs-mtlab-train-base-new/human-body/dry/envs/video_tryon/lib/python3.10/site-packages/torch/_utils.py", line 733, in reraise
    raise exception
TypeError: Caught TypeError in DataLoader worker process 0.
Original Traceback (most recent call last):
  File "/picassox/vepfs-mtlab-train-base-new/human-body/dry/envs/video_tryon/lib/python3.10/site-packages/torch/utils/data/_utils/worker.py", line 349, in _worker_loop
    data = fetcher.fetch(index)  # type: ignore[possibly-undefined]
  File "/picassox/vepfs-mtlab-train-base-new/human-body/dry/envs/video_tryon/lib/python3.10/site-packages/torch/utils/data/_utils/fetch.py", line 52, in fetch
    data = [self.dataset[idx] for idx in possibly_batched_index]
  File "/picassox/vepfs-mtlab-train-base-new/human-body/dry/envs/video_tryon/lib/python3.10/site-packages/torch/utils/data/_utils/fetch.py", line 52, in <listcomp>
    data = [self.dataset[idx] for idx in possibly_batched_index]
  File "/picassox/vepfs-mtlab-train-base-new/human-body/weichen.zhang/CameraHMR/core/datasets/dataset_val.py", line 122, in __getitem__
    cv_img = cv_img[:, :, ::-1]
TypeError: 'NoneType' object is not subscriptable

[2025-09-12 07:41:18,244][core.utils.misc][INFO] - Closing loggers...
[2025-09-12 07:51:42,759][core.utils.misc][WARNING] - Extras config not found! <cfg.extras=null>
[2025-09-12 07:51:59,245][__main__][INFO] - Logging hyperparameters!
[2025-09-12 07:52:00,244][core.datasets.dataset_train][INFO] - Loaded agora-body-bbox44 dataset, num samples 82265
[2025-09-12 07:52:00,501][core.datasets.dataset_train][INFO] - Loaded static-hdri-bbox44 dataset, num samples 89741
[2025-09-12 07:52:00,719][core.datasets.dataset_train][INFO] - Loaded zoom-suburbd-bbox44 dataset, num samples 77526
[2025-09-12 07:52:00,761][core.datasets.dataset_train][INFO] - Loaded closeup-suburba-bbox44 dataset, num samples 8959
[2025-09-12 07:52:00,804][core.datasets.dataset_train][INFO] - Loaded closeup-suburbb-bbox44 dataset, num samples 8448
[2025-09-12 07:52:00,847][core.datasets.dataset_train][INFO] - Loaded closeup-suburbc-bbox44 dataset, num samples 8801
[2025-09-12 07:52:00,891][core.datasets.dataset_train][INFO] - Loaded closeup-suburbd-bbox44 dataset, num samples 8457
[2025-09-12 07:52:00,954][core.datasets.dataset_train][INFO] - Loaded closeup-gym-bbox44 dataset, num samples 17135
[2025-09-12 07:52:01,169][core.datasets.dataset_train][INFO] - Loaded zoom-gym-bbox44 dataset, num samples 72104
[2025-09-12 07:52:01,410][core.datasets.dataset_train][INFO] - Loaded static-gym-bbox44 dataset, num samples 83185
[2025-09-12 07:52:01,488][core.datasets.dataset_train][INFO] - Loaded static-office-bbox44 dataset, num samples 21991
[2025-09-12 07:52:01,565][core.datasets.dataset_train][INFO] - Loaded orbit-office-bbox44 dataset, num samples 21852
[2025-09-12 07:52:01,901][core.datasets.dataset_train][INFO] - Loaded static-hdri-zoomed-bbox44 dataset, num samples 86660
[2025-09-12 07:52:02,014][core.datasets.dataset_train][INFO] - Loaded pitchup-stadium-bbox44 dataset, num samples 36325
[2025-09-12 07:52:02,175][core.datasets.dataset_train][INFO] - Loaded pitchdown-stadium-bbox44 dataset, num samples 36889
[2025-09-12 07:52:02,256][core.datasets.dataset_train][INFO] - Loaded static-hdri-bmi-bbox44 dataset, num samples 22749
[2025-09-12 07:52:02,304][core.datasets.dataset_train][INFO] - Loaded closeup-suburbb-bmi-bbox44 dataset, num samples 8769
[2025-09-12 07:52:02,355][core.datasets.dataset_train][INFO] - Loaded closeup-suburbc-bmi-bbox44 dataset, num samples 8245
[2025-09-12 07:52:02,953][core.datasets.dataset_train][INFO] - Loaded static-suburbd-bmi-bbox44 dataset, num samples 150860
[2025-09-12 07:52:03,065][core.datasets.dataset_train][INFO] - Loaded zoom-gym-bmi-bbox44 dataset, num samples 31019
[2025-09-12 07:52:03,137][core.datasets.dataset_train][INFO] - Loaded static-office-hair-bbox44 dataset, num samples 21731
[2025-09-12 07:52:03,217][core.datasets.dataset_train][INFO] - Loaded zoom-suburbd-hair-bbox44 dataset, num samples 23017
[2025-09-12 07:52:03,282][core.datasets.dataset_train][INFO] - Loaded static-gym-hair-bbox44 dataset, num samples 17553
[2025-09-12 07:52:03,361][core.datasets.dataset_train][INFO] - Loaded orbit-archviz-15-bbox44 dataset, num samples 22305
[2025-09-12 07:52:03,441][core.datasets.dataset_train][INFO] - Loaded orbit-archviz-19-bbox44 dataset, num samples 22623
[2025-09-12 07:52:03,520][core.datasets.dataset_train][INFO] - Loaded orbit-archviz-12-bbox44 dataset, num samples 22569
[2025-09-12 07:52:03,595][core.datasets.dataset_train][INFO] - Loaded orbit-archviz-10-bbox44 dataset, num samples 21825
[2025-09-12 07:52:06,920][core.datasets.dataset_train][INFO] - Loaded insta-1 dataset, num samples 1258262
[2025-09-12 07:52:10,554][core.datasets.dataset_train][INFO] - Loaded insta-2 dataset, num samples 1546764
[2025-09-12 07:52:10,694][core.datasets.dataset_train][INFO] - Loaded coco-train dataset, num samples 39668
[2025-09-12 07:52:10,729][core.datasets.dataset_train][INFO] - Loaded mpii-train dataset, num samples 7135
[2025-09-12 07:52:11,799][core.datasets.dataset_train][INFO] - Loaded aic dataset, num samples 535161
[2025-09-12 07:52:19,438][core.datasets.dataset_val][INFO] - Loaded emdb-smpl dataset, num samples 24117
[2025-09-12 08:12:38,933][core.utils.misc][ERROR] - 
Traceback (most recent call last):
  File "/picassox/vepfs-mtlab-train-base-new/human-body/weichen.zhang/CameraHMR/core/utils/misc.py", line 39, in wrap
    ret = task_func(cfg=cfg)
  File "/picassox/vepfs-mtlab-train-base-new/human-body/weichen.zhang/CameraHMR/train.py", line 99, in train
    trainer.fit(model, datamodule=datamodule, ckpt_path='last')
  File "/picassox/vepfs-mtlab-train-base-new/human-body/dry/envs/video_tryon/lib/python3.10/site-packages/pytorch_lightning/trainer/trainer.py", line 561, in fit
    call._call_and_handle_interrupt(
  File "/picassox/vepfs-mtlab-train-base-new/human-body/dry/envs/video_tryon/lib/python3.10/site-packages/pytorch_lightning/trainer/call.py", line 48, in _call_and_handle_interrupt
    return trainer.strategy.launcher.launch(trainer_fn, *args, trainer=trainer, **kwargs)
  File "/picassox/vepfs-mtlab-train-base-new/human-body/dry/envs/video_tryon/lib/python3.10/site-packages/pytorch_lightning/strategies/launchers/subprocess_script.py", line 105, in launch
    return function(*args, **kwargs)
  File "/picassox/vepfs-mtlab-train-base-new/human-body/dry/envs/video_tryon/lib/python3.10/site-packages/pytorch_lightning/trainer/trainer.py", line 599, in _fit_impl
    self._run(model, ckpt_path=ckpt_path)
  File "/picassox/vepfs-mtlab-train-base-new/human-body/dry/envs/video_tryon/lib/python3.10/site-packages/pytorch_lightning/trainer/trainer.py", line 1012, in _run
    results = self._run_stage()
  File "/picassox/vepfs-mtlab-train-base-new/human-body/dry/envs/video_tryon/lib/python3.10/site-packages/pytorch_lightning/trainer/trainer.py", line 1054, in _run_stage
    self._run_sanity_check()
  File "/picassox/vepfs-mtlab-train-base-new/human-body/dry/envs/video_tryon/lib/python3.10/site-packages/pytorch_lightning/trainer/trainer.py", line 1083, in _run_sanity_check
    val_loop.run()
  File "/picassox/vepfs-mtlab-train-base-new/human-body/dry/envs/video_tryon/lib/python3.10/site-packages/pytorch_lightning/loops/utilities.py", line 179, in _decorator
    return loop_run(self, *args, **kwargs)
  File "/picassox/vepfs-mtlab-train-base-new/human-body/dry/envs/video_tryon/lib/python3.10/site-packages/pytorch_lightning/loops/evaluation_loop.py", line 138, in run
    batch, batch_idx, dataloader_idx = next(data_fetcher)
  File "/picassox/vepfs-mtlab-train-base-new/human-body/dry/envs/video_tryon/lib/python3.10/site-packages/pytorch_lightning/loops/fetchers.py", line 134, in __next__
    batch = super().__next__()
  File "/picassox/vepfs-mtlab-train-base-new/human-body/dry/envs/video_tryon/lib/python3.10/site-packages/pytorch_lightning/loops/fetchers.py", line 61, in __next__
    batch = next(self.iterator)
  File "/picassox/vepfs-mtlab-train-base-new/human-body/dry/envs/video_tryon/lib/python3.10/site-packages/pytorch_lightning/utilities/combined_loader.py", line 341, in __next__
    out = next(self._iterator)
  File "/picassox/vepfs-mtlab-train-base-new/human-body/dry/envs/video_tryon/lib/python3.10/site-packages/pytorch_lightning/utilities/combined_loader.py", line 142, in __next__
    out = next(self.iterators[0])
  File "/picassox/vepfs-mtlab-train-base-new/human-body/dry/envs/video_tryon/lib/python3.10/site-packages/torch/utils/data/dataloader.py", line 708, in __next__
    data = self._next_data()
  File "/picassox/vepfs-mtlab-train-base-new/human-body/dry/envs/video_tryon/lib/python3.10/site-packages/torch/utils/data/dataloader.py", line 1480, in _next_data
    return self._process_data(data)
  File "/picassox/vepfs-mtlab-train-base-new/human-body/dry/envs/video_tryon/lib/python3.10/site-packages/torch/utils/data/dataloader.py", line 1505, in _process_data
    data.reraise()
  File "/picassox/vepfs-mtlab-train-base-new/human-body/dry/envs/video_tryon/lib/python3.10/site-packages/torch/_utils.py", line 733, in reraise
    raise exception
TypeError: Caught TypeError in DataLoader worker process 0.
Original Traceback (most recent call last):
  File "/picassox/vepfs-mtlab-train-base-new/human-body/dry/envs/video_tryon/lib/python3.10/site-packages/torch/utils/data/_utils/worker.py", line 349, in _worker_loop
    data = fetcher.fetch(index)  # type: ignore[possibly-undefined]
  File "/picassox/vepfs-mtlab-train-base-new/human-body/dry/envs/video_tryon/lib/python3.10/site-packages/torch/utils/data/_utils/fetch.py", line 52, in fetch
    data = [self.dataset[idx] for idx in possibly_batched_index]
  File "/picassox/vepfs-mtlab-train-base-new/human-body/dry/envs/video_tryon/lib/python3.10/site-packages/torch/utils/data/_utils/fetch.py", line 52, in <listcomp>
    data = [self.dataset[idx] for idx in possibly_batched_index]
  File "/picassox/vepfs-mtlab-train-base-new/human-body/weichen.zhang/CameraHMR/core/datasets/dataset_val.py", line 122, in __getitem__
    cv_img = cv_img[:, :, ::-1]
TypeError: 'NoneType' object is not subscriptable

[2025-09-12 08:12:38,942][core.utils.misc][INFO] - Closing loggers...
[2025-09-12 08:37:38,863][__main__][INFO] - Logging hyperparameters!
[2025-09-12 08:37:39,944][core.datasets.dataset_train][INFO] - Loaded zoom-suburbd-bbox44 dataset, num samples 77526
[2025-09-12 08:37:39,984][core.datasets.dataset_train][INFO] - Loaded closeup-suburba-bbox44 dataset, num samples 8959
[2025-09-12 08:37:40,026][core.datasets.dataset_train][INFO] - Loaded closeup-suburbb-bbox44 dataset, num samples 8448
[2025-09-12 08:37:40,072][core.datasets.dataset_train][INFO] - Loaded closeup-suburbc-bbox44 dataset, num samples 8801
[2025-09-12 08:37:40,111][core.datasets.dataset_train][INFO] - Loaded closeup-suburbd-bbox44 dataset, num samples 8457
[2025-09-12 08:37:40,170][core.datasets.dataset_train][INFO] - Loaded closeup-gym-bbox44 dataset, num samples 17135
[2025-09-12 08:37:40,371][core.datasets.dataset_train][INFO] - Loaded zoom-gym-bbox44 dataset, num samples 72104
[2025-09-12 08:37:40,598][core.datasets.dataset_train][INFO] - Loaded static-gym-bbox44 dataset, num samples 83185
[2025-09-12 08:37:40,669][core.datasets.dataset_train][INFO] - Loaded static-office-bbox44 dataset, num samples 21991
[2025-09-12 08:37:40,731][core.datasets.dataset_train][INFO] - Loaded orbit-office-bbox44 dataset, num samples 21852
[2025-09-12 08:37:40,801][core.datasets.dataset_train][INFO] - Loaded orbit-archviz-15-bbox44 dataset, num samples 22305
[2025-09-12 08:37:40,875][core.datasets.dataset_train][INFO] - Loaded orbit-archviz-19-bbox44 dataset, num samples 22623
[2025-09-12 08:37:40,952][core.datasets.dataset_train][INFO] - Loaded orbit-archviz-12-bbox44 dataset, num samples 22569
[2025-09-12 08:37:41,026][core.datasets.dataset_train][INFO] - Loaded orbit-archviz-10-bbox44 dataset, num samples 21825
[2025-09-12 08:37:41,273][core.datasets.dataset_train][INFO] - Loaded static-hdri-bbox44 dataset, num samples 89741
[2025-09-12 08:37:41,507][core.datasets.dataset_train][INFO] - Loaded static-hdri-zoomed-bbox44 dataset, num samples 86660
[2025-09-12 08:37:41,536][core.datasets.dataset_train][INFO] - Loaded staticzoomed-suburba-frameocc-bbox44 dataset, num samples 4250
[2025-09-12 08:37:41,607][core.utils.misc][ERROR] - 
Traceback (most recent call last):
  File "/picassox/vepfs-mtlab-train-base-new/human-body/weichen.zhang/CameraHMR/core/utils/misc.py", line 39, in wrap
    ret = task_func(cfg=cfg)
  File "/picassox/vepfs-mtlab-train-base-new/human-body/weichen.zhang/CameraHMR/train.py", line 99, in train
    trainer.fit(model, datamodule=datamodule, ckpt_path='last')
  File "/picassox/vepfs-mtlab-train-base-new/human-body/dry/envs/video_tryon/lib/python3.10/site-packages/pytorch_lightning/trainer/trainer.py", line 561, in fit
    call._call_and_handle_interrupt(
  File "/picassox/vepfs-mtlab-train-base-new/human-body/dry/envs/video_tryon/lib/python3.10/site-packages/pytorch_lightning/trainer/call.py", line 48, in _call_and_handle_interrupt
    return trainer.strategy.launcher.launch(trainer_fn, *args, trainer=trainer, **kwargs)
  File "/picassox/vepfs-mtlab-train-base-new/human-body/dry/envs/video_tryon/lib/python3.10/site-packages/pytorch_lightning/strategies/launchers/subprocess_script.py", line 105, in launch
    return function(*args, **kwargs)
  File "/picassox/vepfs-mtlab-train-base-new/human-body/dry/envs/video_tryon/lib/python3.10/site-packages/pytorch_lightning/trainer/trainer.py", line 599, in _fit_impl
    self._run(model, ckpt_path=ckpt_path)
  File "/picassox/vepfs-mtlab-train-base-new/human-body/dry/envs/video_tryon/lib/python3.10/site-packages/pytorch_lightning/trainer/trainer.py", line 974, in _run
    call._call_setup_hook(self)  # allow user to set up LightningModule in accelerator environment
  File "/picassox/vepfs-mtlab-train-base-new/human-body/dry/envs/video_tryon/lib/python3.10/site-packages/pytorch_lightning/trainer/call.py", line 108, in _call_setup_hook
    _call_lightning_datamodule_hook(trainer, "setup", stage=fn)
  File "/picassox/vepfs-mtlab-train-base-new/human-body/dry/envs/video_tryon/lib/python3.10/site-packages/pytorch_lightning/trainer/call.py", line 199, in _call_lightning_datamodule_hook
    return fn(*args, **kwargs)
  File "/picassox/vepfs-mtlab-train-base-new/human-body/weichen.zhang/CameraHMR/core/datasets/__init__.py", line 22, in setup
    self.train_dataset = self.train_dataset_prepare()
  File "/picassox/vepfs-mtlab-train-base-new/human-body/weichen.zhang/CameraHMR/core/datasets/__init__.py", line 28, in train_dataset_prepare
    dataset_list = [DatasetTrain(self.cfg, ds) for ds in dataset_names]
  File "/picassox/vepfs-mtlab-train-base-new/human-body/weichen.zhang/CameraHMR/core/datasets/__init__.py", line 28, in <listcomp>
    dataset_list = [DatasetTrain(self.cfg, ds) for ds in dataset_names]
  File "/picassox/vepfs-mtlab-train-base-new/human-body/weichen.zhang/CameraHMR/core/datasets/dataset_train.py", line 36, in __init__
    self.data = np.load(DATASET_FILES[is_train][dataset], allow_pickle=True)
KeyError: 'zoom-suburbb-frameocc-bbox44'
[2025-09-12 08:37:41,612][core.utils.misc][INFO] - Closing loggers...
[2025-09-12 08:39:36,788][__main__][INFO] - Logging hyperparameters!
[2025-09-12 08:39:37,708][core.datasets.dataset_train][INFO] - Loaded agora-body-bbox44 dataset, num samples 82265
[2025-09-12 08:39:37,945][core.datasets.dataset_train][INFO] - Loaded static-hdri-bbox44 dataset, num samples 89741
[2025-09-12 08:39:38,151][core.datasets.dataset_train][INFO] - Loaded zoom-suburbd-bbox44 dataset, num samples 77526
[2025-09-12 08:39:38,192][core.datasets.dataset_train][INFO] - Loaded closeup-suburba-bbox44 dataset, num samples 8959
[2025-09-12 08:39:38,238][core.datasets.dataset_train][INFO] - Loaded closeup-suburbb-bbox44 dataset, num samples 8448
[2025-09-12 08:39:38,276][core.datasets.dataset_train][INFO] - Loaded closeup-suburbc-bbox44 dataset, num samples 8801
[2025-09-12 08:39:38,314][core.datasets.dataset_train][INFO] - Loaded closeup-suburbd-bbox44 dataset, num samples 8457
[2025-09-12 08:39:38,368][core.datasets.dataset_train][INFO] - Loaded closeup-gym-bbox44 dataset, num samples 17135
[2025-09-12 08:39:38,562][core.datasets.dataset_train][INFO] - Loaded zoom-gym-bbox44 dataset, num samples 72104
[2025-09-12 08:39:38,776][core.datasets.dataset_train][INFO] - Loaded static-gym-bbox44 dataset, num samples 83185
[2025-09-12 08:39:38,846][core.datasets.dataset_train][INFO] - Loaded static-office-bbox44 dataset, num samples 21991
[2025-09-12 08:39:38,910][core.datasets.dataset_train][INFO] - Loaded orbit-office-bbox44 dataset, num samples 21852
[2025-09-12 08:39:39,135][core.datasets.dataset_train][INFO] - Loaded static-hdri-zoomed-bbox44 dataset, num samples 86660
[2025-09-12 08:39:39,243][core.datasets.dataset_train][INFO] - Loaded pitchup-stadium-bbox44 dataset, num samples 36325
[2025-09-12 08:39:39,348][core.datasets.dataset_train][INFO] - Loaded pitchdown-stadium-bbox44 dataset, num samples 36889
[2025-09-12 08:39:39,434][core.datasets.dataset_train][INFO] - Loaded static-hdri-bmi-bbox44 dataset, num samples 22749
[2025-09-12 08:39:39,471][core.datasets.dataset_train][INFO] - Loaded closeup-suburbb-bmi-bbox44 dataset, num samples 8769
[2025-09-12 08:39:39,516][core.datasets.dataset_train][INFO] - Loaded closeup-suburbc-bmi-bbox44 dataset, num samples 8245
[2025-09-12 08:39:39,884][core.datasets.dataset_train][INFO] - Loaded static-suburbd-bmi-bbox44 dataset, num samples 150860
[2025-09-12 08:39:39,981][core.datasets.dataset_train][INFO] - Loaded zoom-gym-bmi-bbox44 dataset, num samples 31019
[2025-09-12 08:39:40,045][core.datasets.dataset_train][INFO] - Loaded static-office-hair-bbox44 dataset, num samples 21731
[2025-09-12 08:39:40,120][core.datasets.dataset_train][INFO] - Loaded zoom-suburbd-hair-bbox44 dataset, num samples 23017
[2025-09-12 08:39:40,177][core.datasets.dataset_train][INFO] - Loaded static-gym-hair-bbox44 dataset, num samples 17553
[2025-09-12 08:39:40,250][core.datasets.dataset_train][INFO] - Loaded orbit-archviz-15-bbox44 dataset, num samples 22305
[2025-09-12 08:39:40,320][core.datasets.dataset_train][INFO] - Loaded orbit-archviz-19-bbox44 dataset, num samples 22623
[2025-09-12 08:39:40,387][core.datasets.dataset_train][INFO] - Loaded orbit-archviz-12-bbox44 dataset, num samples 22569
[2025-09-12 08:39:40,451][core.datasets.dataset_train][INFO] - Loaded orbit-archviz-10-bbox44 dataset, num samples 21825
[2025-09-12 08:39:43,096][core.datasets.dataset_train][INFO] - Loaded insta-1 dataset, num samples 1258262
[2025-09-12 08:39:46,692][core.datasets.dataset_train][INFO] - Loaded insta-2 dataset, num samples 1546764
[2025-09-12 08:39:46,909][core.datasets.dataset_train][INFO] - Loaded coco-train dataset, num samples 39668
[2025-09-12 08:39:46,942][core.datasets.dataset_train][INFO] - Loaded mpii-train dataset, num samples 7135
[2025-09-12 08:39:48,042][core.datasets.dataset_train][INFO] - Loaded aic dataset, num samples 535161
[2025-09-12 08:40:23,180][__main__][INFO] - Logging hyperparameters!
[2025-09-12 08:40:24,152][core.datasets.dataset_train][INFO] - Loaded agora-body-bbox44 dataset, num samples 82265
[2025-09-12 08:40:24,395][core.datasets.dataset_train][INFO] - Loaded static-hdri-bbox44 dataset, num samples 89741
[2025-09-12 08:40:24,618][core.datasets.dataset_train][INFO] - Loaded zoom-suburbd-bbox44 dataset, num samples 77526
[2025-09-12 08:40:24,661][core.datasets.dataset_train][INFO] - Loaded closeup-suburba-bbox44 dataset, num samples 8959
[2025-09-12 08:40:24,706][core.datasets.dataset_train][INFO] - Loaded closeup-suburbb-bbox44 dataset, num samples 8448
[2025-09-12 08:40:24,747][core.datasets.dataset_train][INFO] - Loaded closeup-suburbc-bbox44 dataset, num samples 8801
[2025-09-12 08:40:24,792][core.datasets.dataset_train][INFO] - Loaded closeup-suburbd-bbox44 dataset, num samples 8457
[2025-09-12 08:40:24,861][core.datasets.dataset_train][INFO] - Loaded closeup-gym-bbox44 dataset, num samples 17135
[2025-09-12 08:40:25,067][core.datasets.dataset_train][INFO] - Loaded zoom-gym-bbox44 dataset, num samples 72104
[2025-09-12 08:40:25,308][core.datasets.dataset_train][INFO] - Loaded static-gym-bbox44 dataset, num samples 83185
[2025-09-12 08:40:25,384][core.datasets.dataset_train][INFO] - Loaded static-office-bbox44 dataset, num samples 21991
[2025-09-12 08:40:25,461][core.datasets.dataset_train][INFO] - Loaded orbit-office-bbox44 dataset, num samples 21852
[2025-09-12 08:40:25,725][core.datasets.dataset_train][INFO] - Loaded static-hdri-zoomed-bbox44 dataset, num samples 86660
[2025-09-12 08:40:25,836][core.datasets.dataset_train][INFO] - Loaded pitchup-stadium-bbox44 dataset, num samples 36325
[2025-09-12 08:40:25,941][core.datasets.dataset_train][INFO] - Loaded pitchdown-stadium-bbox44 dataset, num samples 36889
[2025-09-12 08:40:26,017][core.datasets.dataset_train][INFO] - Loaded static-hdri-bmi-bbox44 dataset, num samples 22749
[2025-09-12 08:40:26,060][core.datasets.dataset_train][INFO] - Loaded closeup-suburbb-bmi-bbox44 dataset, num samples 8769
[2025-09-12 08:40:26,103][core.datasets.dataset_train][INFO] - Loaded closeup-suburbc-bmi-bbox44 dataset, num samples 8245
[2025-09-12 08:40:26,506][core.datasets.dataset_train][INFO] - Loaded static-suburbd-bmi-bbox44 dataset, num samples 150860
[2025-09-12 08:40:26,621][core.datasets.dataset_train][INFO] - Loaded zoom-gym-bmi-bbox44 dataset, num samples 31019
[2025-09-12 08:40:26,692][core.datasets.dataset_train][INFO] - Loaded static-office-hair-bbox44 dataset, num samples 21731
[2025-09-12 08:40:26,770][core.datasets.dataset_train][INFO] - Loaded zoom-suburbd-hair-bbox44 dataset, num samples 23017
[2025-09-12 08:40:26,834][core.datasets.dataset_train][INFO] - Loaded static-gym-hair-bbox44 dataset, num samples 17553
[2025-09-12 08:40:26,913][core.datasets.dataset_train][INFO] - Loaded orbit-archviz-15-bbox44 dataset, num samples 22305
[2025-09-12 08:40:26,988][core.datasets.dataset_train][INFO] - Loaded orbit-archviz-19-bbox44 dataset, num samples 22623
[2025-09-12 08:40:27,065][core.datasets.dataset_train][INFO] - Loaded orbit-archviz-12-bbox44 dataset, num samples 22569
[2025-09-12 08:40:27,137][core.datasets.dataset_train][INFO] - Loaded orbit-archviz-10-bbox44 dataset, num samples 21825
[2025-09-12 08:40:29,817][core.datasets.dataset_train][INFO] - Loaded insta-1 dataset, num samples 1258262
[2025-09-12 08:40:33,239][core.datasets.dataset_train][INFO] - Loaded insta-2 dataset, num samples 1546764
[2025-09-12 08:40:33,456][core.datasets.dataset_train][INFO] - Loaded coco-train dataset, num samples 39668
[2025-09-12 08:40:33,492][core.datasets.dataset_train][INFO] - Loaded mpii-train dataset, num samples 7135
[2025-09-12 08:40:34,511][core.datasets.dataset_train][INFO] - Loaded aic dataset, num samples 535161
[2025-09-12 08:40:42,254][core.datasets.dataset_val][INFO] - Loaded zoom-suburbd-bbox44 dataset, num samples 77526
[2025-09-12 08:41:48,603][core.utils.misc][ERROR] - 
Traceback (most recent call last):
  File "/picassox/vepfs-mtlab-train-base-new/human-body/weichen.zhang/CameraHMR/core/utils/misc.py", line 39, in wrap
    ret = task_func(cfg=cfg)
  File "/picassox/vepfs-mtlab-train-base-new/human-body/weichen.zhang/CameraHMR/train.py", line 99, in train
    trainer.fit(model, datamodule=datamodule, ckpt_path='last')
  File "/picassox/vepfs-mtlab-train-base-new/human-body/dry/envs/video_tryon/lib/python3.10/site-packages/pytorch_lightning/trainer/trainer.py", line 561, in fit
    call._call_and_handle_interrupt(
  File "/picassox/vepfs-mtlab-train-base-new/human-body/dry/envs/video_tryon/lib/python3.10/site-packages/pytorch_lightning/trainer/call.py", line 48, in _call_and_handle_interrupt
    return trainer.strategy.launcher.launch(trainer_fn, *args, trainer=trainer, **kwargs)
  File "/picassox/vepfs-mtlab-train-base-new/human-body/dry/envs/video_tryon/lib/python3.10/site-packages/pytorch_lightning/strategies/launchers/subprocess_script.py", line 105, in launch
    return function(*args, **kwargs)
  File "/picassox/vepfs-mtlab-train-base-new/human-body/dry/envs/video_tryon/lib/python3.10/site-packages/pytorch_lightning/trainer/trainer.py", line 599, in _fit_impl
    self._run(model, ckpt_path=ckpt_path)
  File "/picassox/vepfs-mtlab-train-base-new/human-body/dry/envs/video_tryon/lib/python3.10/site-packages/pytorch_lightning/trainer/trainer.py", line 1012, in _run
    results = self._run_stage()
  File "/picassox/vepfs-mtlab-train-base-new/human-body/dry/envs/video_tryon/lib/python3.10/site-packages/pytorch_lightning/trainer/trainer.py", line 1054, in _run_stage
    self._run_sanity_check()
  File "/picassox/vepfs-mtlab-train-base-new/human-body/dry/envs/video_tryon/lib/python3.10/site-packages/pytorch_lightning/trainer/trainer.py", line 1083, in _run_sanity_check
    val_loop.run()
  File "/picassox/vepfs-mtlab-train-base-new/human-body/dry/envs/video_tryon/lib/python3.10/site-packages/pytorch_lightning/loops/utilities.py", line 179, in _decorator
    return loop_run(self, *args, **kwargs)
  File "/picassox/vepfs-mtlab-train-base-new/human-body/dry/envs/video_tryon/lib/python3.10/site-packages/pytorch_lightning/loops/evaluation_loop.py", line 138, in run
    batch, batch_idx, dataloader_idx = next(data_fetcher)
  File "/picassox/vepfs-mtlab-train-base-new/human-body/dry/envs/video_tryon/lib/python3.10/site-packages/pytorch_lightning/loops/fetchers.py", line 134, in __next__
    batch = super().__next__()
  File "/picassox/vepfs-mtlab-train-base-new/human-body/dry/envs/video_tryon/lib/python3.10/site-packages/pytorch_lightning/loops/fetchers.py", line 61, in __next__
    batch = next(self.iterator)
  File "/picassox/vepfs-mtlab-train-base-new/human-body/dry/envs/video_tryon/lib/python3.10/site-packages/pytorch_lightning/utilities/combined_loader.py", line 341, in __next__
    out = next(self._iterator)
  File "/picassox/vepfs-mtlab-train-base-new/human-body/dry/envs/video_tryon/lib/python3.10/site-packages/pytorch_lightning/utilities/combined_loader.py", line 142, in __next__
    out = next(self.iterators[0])
  File "/picassox/vepfs-mtlab-train-base-new/human-body/dry/envs/video_tryon/lib/python3.10/site-packages/torch/utils/data/dataloader.py", line 708, in __next__
    data = self._next_data()
  File "/picassox/vepfs-mtlab-train-base-new/human-body/dry/envs/video_tryon/lib/python3.10/site-packages/torch/utils/data/dataloader.py", line 1480, in _next_data
    return self._process_data(data)
  File "/picassox/vepfs-mtlab-train-base-new/human-body/dry/envs/video_tryon/lib/python3.10/site-packages/torch/utils/data/dataloader.py", line 1505, in _process_data
    data.reraise()
  File "/picassox/vepfs-mtlab-train-base-new/human-body/dry/envs/video_tryon/lib/python3.10/site-packages/torch/_utils.py", line 733, in reraise
    raise exception
TypeError: Caught TypeError in DataLoader worker process 0.
Original Traceback (most recent call last):
  File "/picassox/vepfs-mtlab-train-base-new/human-body/dry/envs/video_tryon/lib/python3.10/site-packages/torch/utils/data/_utils/worker.py", line 349, in _worker_loop
    data = fetcher.fetch(index)  # type: ignore[possibly-undefined]
  File "/picassox/vepfs-mtlab-train-base-new/human-body/dry/envs/video_tryon/lib/python3.10/site-packages/torch/utils/data/_utils/fetch.py", line 52, in fetch
    data = [self.dataset[idx] for idx in possibly_batched_index]
  File "/picassox/vepfs-mtlab-train-base-new/human-body/dry/envs/video_tryon/lib/python3.10/site-packages/torch/utils/data/_utils/fetch.py", line 52, in <listcomp>
    data = [self.dataset[idx] for idx in possibly_batched_index]
  File "/picassox/vepfs-mtlab-train-base-new/human-body/weichen.zhang/CameraHMR/core/datasets/dataset_val.py", line 122, in __getitem__
    cv_img = cv_img[:, :, ::-1]
TypeError: 'NoneType' object is not subscriptable

[2025-09-12 08:41:48,611][core.utils.misc][INFO] - Closing loggers...
[2025-09-12 12:29:03,736][__main__][INFO] - Logging hyperparameters!
[2025-09-12 12:29:04,842][core.datasets.dataset_train][INFO] - Loaded agora-body-bbox44 dataset, num samples 82265
[2025-09-12 12:29:05,101][core.datasets.dataset_train][INFO] - Loaded static-hdri-bbox44 dataset, num samples 89741
[2025-09-12 12:29:05,326][core.datasets.dataset_train][INFO] - Loaded zoom-suburbd-bbox44 dataset, num samples 77526
[2025-09-12 12:29:05,371][core.datasets.dataset_train][INFO] - Loaded closeup-suburba-bbox44 dataset, num samples 8959
[2025-09-12 12:29:05,417][core.datasets.dataset_train][INFO] - Loaded closeup-suburbb-bbox44 dataset, num samples 8448
[2025-09-12 12:29:05,463][core.datasets.dataset_train][INFO] - Loaded closeup-suburbc-bbox44 dataset, num samples 8801
[2025-09-12 12:29:05,511][core.datasets.dataset_train][INFO] - Loaded closeup-suburbd-bbox44 dataset, num samples 8457
[2025-09-12 12:29:05,584][core.datasets.dataset_train][INFO] - Loaded closeup-gym-bbox44 dataset, num samples 17135
[2025-09-12 12:29:05,806][core.datasets.dataset_train][INFO] - Loaded zoom-gym-bbox44 dataset, num samples 72104
[2025-09-12 12:29:06,072][core.datasets.dataset_train][INFO] - Loaded static-gym-bbox44 dataset, num samples 83185
[2025-09-12 12:29:06,148][core.datasets.dataset_train][INFO] - Loaded static-office-bbox44 dataset, num samples 21991
[2025-09-12 12:29:06,226][core.datasets.dataset_train][INFO] - Loaded orbit-office-bbox44 dataset, num samples 21852
[2025-09-12 12:29:06,478][core.datasets.dataset_train][INFO] - Loaded static-hdri-zoomed-bbox44 dataset, num samples 86660
[2025-09-12 12:29:06,600][core.datasets.dataset_train][INFO] - Loaded pitchup-stadium-bbox44 dataset, num samples 36325
[2025-09-12 12:29:06,720][core.datasets.dataset_train][INFO] - Loaded pitchdown-stadium-bbox44 dataset, num samples 36889
[2025-09-12 12:29:06,793][core.datasets.dataset_train][INFO] - Loaded static-hdri-bmi-bbox44 dataset, num samples 22749
[2025-09-12 12:29:06,834][core.datasets.dataset_train][INFO] - Loaded closeup-suburbb-bmi-bbox44 dataset, num samples 8769
[2025-09-12 12:29:06,885][core.datasets.dataset_train][INFO] - Loaded closeup-suburbc-bmi-bbox44 dataset, num samples 8245
[2025-09-12 12:29:07,305][core.datasets.dataset_train][INFO] - Loaded static-suburbd-bmi-bbox44 dataset, num samples 150860
[2025-09-12 12:29:07,421][core.datasets.dataset_train][INFO] - Loaded zoom-gym-bmi-bbox44 dataset, num samples 31019
[2025-09-12 12:29:07,496][core.datasets.dataset_train][INFO] - Loaded static-office-hair-bbox44 dataset, num samples 21731
[2025-09-12 12:29:07,580][core.datasets.dataset_train][INFO] - Loaded zoom-suburbd-hair-bbox44 dataset, num samples 23017
[2025-09-12 12:29:07,652][core.datasets.dataset_train][INFO] - Loaded static-gym-hair-bbox44 dataset, num samples 17553
[2025-09-12 12:29:07,739][core.datasets.dataset_train][INFO] - Loaded orbit-archviz-15-bbox44 dataset, num samples 22305
[2025-09-12 12:29:07,826][core.datasets.dataset_train][INFO] - Loaded orbit-archviz-19-bbox44 dataset, num samples 22623
[2025-09-12 12:29:07,914][core.datasets.dataset_train][INFO] - Loaded orbit-archviz-12-bbox44 dataset, num samples 22569
[2025-09-12 12:29:07,994][core.datasets.dataset_train][INFO] - Loaded orbit-archviz-10-bbox44 dataset, num samples 21825
[2025-09-12 12:29:10,660][core.datasets.dataset_train][INFO] - Loaded insta-1 dataset, num samples 1258262
[2025-09-12 12:29:14,530][core.datasets.dataset_train][INFO] - Loaded insta-2 dataset, num samples 1546764
[2025-09-12 12:29:14,680][core.datasets.dataset_train][INFO] - Loaded coco-train dataset, num samples 39668
[2025-09-12 12:29:14,716][core.datasets.dataset_train][INFO] - Loaded mpii-train dataset, num samples 7135
[2025-09-12 12:29:15,743][core.datasets.dataset_train][INFO] - Loaded aic dataset, num samples 535161
[2025-09-12 12:29:23,313][core.datasets.dataset_val][INFO] - Loaded zoom-suburbd-bbox44 dataset, num samples 77526
[2025-09-12 12:31:37,191][core.utils.misc][ERROR] - 
Traceback (most recent call last):
  File "/picassox/vepfs-mtlab-train-base-new/human-body/weichen.zhang/CameraHMR/core/utils/misc.py", line 39, in wrap
    ret = task_func(cfg=cfg)
  File "/picassox/vepfs-mtlab-train-base-new/human-body/weichen.zhang/CameraHMR/train.py", line 99, in train
    trainer.fit(model, datamodule=datamodule, ckpt_path='last')
  File "/picassox/vepfs-mtlab-train-base-new/human-body/dry/envs/video_tryon/lib/python3.10/site-packages/pytorch_lightning/trainer/trainer.py", line 561, in fit
    call._call_and_handle_interrupt(
  File "/picassox/vepfs-mtlab-train-base-new/human-body/dry/envs/video_tryon/lib/python3.10/site-packages/pytorch_lightning/trainer/call.py", line 48, in _call_and_handle_interrupt
    return trainer.strategy.launcher.launch(trainer_fn, *args, trainer=trainer, **kwargs)
  File "/picassox/vepfs-mtlab-train-base-new/human-body/dry/envs/video_tryon/lib/python3.10/site-packages/pytorch_lightning/strategies/launchers/subprocess_script.py", line 105, in launch
    return function(*args, **kwargs)
  File "/picassox/vepfs-mtlab-train-base-new/human-body/dry/envs/video_tryon/lib/python3.10/site-packages/pytorch_lightning/trainer/trainer.py", line 599, in _fit_impl
    self._run(model, ckpt_path=ckpt_path)
  File "/picassox/vepfs-mtlab-train-base-new/human-body/dry/envs/video_tryon/lib/python3.10/site-packages/pytorch_lightning/trainer/trainer.py", line 1012, in _run
    results = self._run_stage()
  File "/picassox/vepfs-mtlab-train-base-new/human-body/dry/envs/video_tryon/lib/python3.10/site-packages/pytorch_lightning/trainer/trainer.py", line 1054, in _run_stage
    self._run_sanity_check()
  File "/picassox/vepfs-mtlab-train-base-new/human-body/dry/envs/video_tryon/lib/python3.10/site-packages/pytorch_lightning/trainer/trainer.py", line 1083, in _run_sanity_check
    val_loop.run()
  File "/picassox/vepfs-mtlab-train-base-new/human-body/dry/envs/video_tryon/lib/python3.10/site-packages/pytorch_lightning/loops/utilities.py", line 179, in _decorator
    return loop_run(self, *args, **kwargs)
  File "/picassox/vepfs-mtlab-train-base-new/human-body/dry/envs/video_tryon/lib/python3.10/site-packages/pytorch_lightning/loops/evaluation_loop.py", line 152, in run
    return self.on_run_end()
  File "/picassox/vepfs-mtlab-train-base-new/human-body/dry/envs/video_tryon/lib/python3.10/site-packages/pytorch_lightning/loops/evaluation_loop.py", line 295, in on_run_end
    self._on_evaluation_epoch_end()
  File "/picassox/vepfs-mtlab-train-base-new/human-body/dry/envs/video_tryon/lib/python3.10/site-packages/pytorch_lightning/loops/evaluation_loop.py", line 377, in _on_evaluation_epoch_end
    trainer._logger_connector.on_epoch_end()
  File "/picassox/vepfs-mtlab-train-base-new/human-body/dry/envs/video_tryon/lib/python3.10/site-packages/pytorch_lightning/trainer/connectors/logger_connector/logger_connector.py", line 197, in on_epoch_end
    metrics = self.metrics
  File "/picassox/vepfs-mtlab-train-base-new/human-body/dry/envs/video_tryon/lib/python3.10/site-packages/pytorch_lightning/trainer/connectors/logger_connector/logger_connector.py", line 236, in metrics
    return self.trainer._results.metrics(on_step)
  File "/picassox/vepfs-mtlab-train-base-new/human-body/dry/envs/video_tryon/lib/python3.10/site-packages/pytorch_lightning/trainer/connectors/logger_connector/result.py", line 476, in metrics
    value = self._get_cache(result_metric, on_step)
  File "/picassox/vepfs-mtlab-train-base-new/human-body/dry/envs/video_tryon/lib/python3.10/site-packages/pytorch_lightning/trainer/connectors/logger_connector/result.py", line 440, in _get_cache
    result_metric.compute()
  File "/picassox/vepfs-mtlab-train-base-new/human-body/dry/envs/video_tryon/lib/python3.10/site-packages/pytorch_lightning/trainer/connectors/logger_connector/result.py", line 289, in wrapped_func
    self._computed = compute(*args, **kwargs)
  File "/picassox/vepfs-mtlab-train-base-new/human-body/dry/envs/video_tryon/lib/python3.10/site-packages/pytorch_lightning/trainer/connectors/logger_connector/result.py", line 249, in compute
    value = self.meta.sync(self.value.clone())  # `clone` because `sync` is in-place
  File "/picassox/vepfs-mtlab-train-base-new/human-body/dry/envs/video_tryon/lib/python3.10/site-packages/pytorch_lightning/strategies/ddp.py", line 342, in reduce
    return _sync_ddp_if_available(tensor, group, reduce_op=reduce_op)
  File "/picassox/vepfs-mtlab-train-base-new/human-body/dry/envs/video_tryon/lib/python3.10/site-packages/lightning_fabric/utilities/distributed.py", line 179, in _sync_ddp_if_available
    return _sync_ddp(result, group=group, reduce_op=reduce_op)
  File "/picassox/vepfs-mtlab-train-base-new/human-body/dry/envs/video_tryon/lib/python3.10/site-packages/lightning_fabric/utilities/distributed.py", line 229, in _sync_ddp
    torch.distributed.all_reduce(result, op=op, group=group, async_op=False)
  File "/picassox/vepfs-mtlab-train-base-new/human-body/dry/envs/video_tryon/lib/python3.10/site-packages/torch/distributed/c10d_logger.py", line 81, in wrapper
    return func(*args, **kwargs)
  File "/picassox/vepfs-mtlab-train-base-new/human-body/dry/envs/video_tryon/lib/python3.10/site-packages/torch/distributed/distributed_c10d.py", line 2806, in all_reduce
    work = group.allreduce([tensor], opts)
RuntimeError: No backend type associated with device type cpu
[2025-09-12 12:31:37,213][core.utils.misc][INFO] - Closing loggers...
[2025-09-12 12:36:28,663][core.utils.misc][ERROR] - 
Traceback (most recent call last):
  File "/picassox/vepfs-mtlab-train-base-new/human-body/weichen.zhang/CameraHMR/core/utils/misc.py", line 39, in wrap
    ret = task_func(cfg=cfg)
  File "/picassox/vepfs-mtlab-train-base-new/human-body/weichen.zhang/CameraHMR/train.py", line 51, in train
    model = CameraHMR(cfg)
  File "/picassox/vepfs-mtlab-train-base-new/human-body/weichen.zhang/CameraHMR/core/camerahmr_trainer.py", line 61, in __init__
    loss_type = cfg.TRAIN.LOSS_TYPE
  File "/picassox/vepfs-mtlab-train-base-new/human-body/dry/envs/video_tryon/lib/python3.10/site-packages/omegaconf/dictconfig.py", line 359, in __getattr__
    self._format_and_raise(key=key, value=None, cause=e)
  File "/picassox/vepfs-mtlab-train-base-new/human-body/dry/envs/video_tryon/lib/python3.10/site-packages/omegaconf/base.py", line 231, in _format_and_raise
    format_and_raise(
  File "/picassox/vepfs-mtlab-train-base-new/human-body/dry/envs/video_tryon/lib/python3.10/site-packages/omegaconf/_utils.py", line 819, in format_and_raise
    _raise(ex, cause)
  File "/picassox/vepfs-mtlab-train-base-new/human-body/dry/envs/video_tryon/lib/python3.10/site-packages/omegaconf/_utils.py", line 797, in _raise
    raise ex.with_traceback(sys.exc_info()[2])  # set env var OC_CAUSE=1 for full trace
  File "/picassox/vepfs-mtlab-train-base-new/human-body/dry/envs/video_tryon/lib/python3.10/site-packages/omegaconf/dictconfig.py", line 351, in __getattr__
    return self._get_impl(
  File "/picassox/vepfs-mtlab-train-base-new/human-body/dry/envs/video_tryon/lib/python3.10/site-packages/omegaconf/dictconfig.py", line 442, in _get_impl
    node = self._get_child(
  File "/picassox/vepfs-mtlab-train-base-new/human-body/dry/envs/video_tryon/lib/python3.10/site-packages/omegaconf/basecontainer.py", line 73, in _get_child
    child = self._get_node(
  File "/picassox/vepfs-mtlab-train-base-new/human-body/dry/envs/video_tryon/lib/python3.10/site-packages/omegaconf/dictconfig.py", line 475, in _get_node
    self._validate_get(key)
  File "/picassox/vepfs-mtlab-train-base-new/human-body/dry/envs/video_tryon/lib/python3.10/site-packages/omegaconf/dictconfig.py", line 164, in _validate_get
    self._format_and_raise(
  File "/picassox/vepfs-mtlab-train-base-new/human-body/dry/envs/video_tryon/lib/python3.10/site-packages/omegaconf/base.py", line 231, in _format_and_raise
    format_and_raise(
  File "/picassox/vepfs-mtlab-train-base-new/human-body/dry/envs/video_tryon/lib/python3.10/site-packages/omegaconf/_utils.py", line 899, in format_and_raise
    _raise(ex, cause)
  File "/picassox/vepfs-mtlab-train-base-new/human-body/dry/envs/video_tryon/lib/python3.10/site-packages/omegaconf/_utils.py", line 797, in _raise
    raise ex.with_traceback(sys.exc_info()[2])  # set env var OC_CAUSE=1 for full trace
omegaconf.errors.ConfigAttributeError: Key 'TRAIN' is not in struct
    full_key: TRAIN
    object_type=dict
[2025-09-12 12:36:28,673][core.utils.misc][INFO] - Closing loggers...
[2025-09-12 12:38:12,744][__main__][INFO] - Logging hyperparameters!
[2025-09-12 12:38:13,717][core.datasets.dataset_train][INFO] - Loaded agora-body-bbox44 dataset, num samples 82265
[2025-09-12 12:38:13,969][core.datasets.dataset_train][INFO] - Loaded static-hdri-bbox44 dataset, num samples 89741
[2025-09-12 12:38:14,209][core.datasets.dataset_train][INFO] - Loaded zoom-suburbd-bbox44 dataset, num samples 77526
[2025-09-12 12:38:14,256][core.datasets.dataset_train][INFO] - Loaded closeup-suburba-bbox44 dataset, num samples 8959
[2025-09-12 12:38:14,304][core.datasets.dataset_train][INFO] - Loaded closeup-suburbb-bbox44 dataset, num samples 8448
[2025-09-12 12:38:14,349][core.datasets.dataset_train][INFO] - Loaded closeup-suburbc-bbox44 dataset, num samples 8801
[2025-09-12 12:38:14,410][core.datasets.dataset_train][INFO] - Loaded closeup-suburbd-bbox44 dataset, num samples 8457
[2025-09-12 12:38:14,494][core.datasets.dataset_train][INFO] - Loaded closeup-gym-bbox44 dataset, num samples 17135
[2025-09-12 12:38:14,705][core.datasets.dataset_train][INFO] - Loaded zoom-gym-bbox44 dataset, num samples 72104
[2025-09-12 12:38:14,945][core.datasets.dataset_train][INFO] - Loaded static-gym-bbox44 dataset, num samples 83185
[2025-09-12 12:38:15,022][core.datasets.dataset_train][INFO] - Loaded static-office-bbox44 dataset, num samples 21991
[2025-09-12 12:38:15,088][core.datasets.dataset_train][INFO] - Loaded orbit-office-bbox44 dataset, num samples 21852
[2025-09-12 12:38:15,343][core.datasets.dataset_train][INFO] - Loaded static-hdri-zoomed-bbox44 dataset, num samples 86660
[2025-09-12 12:38:15,444][core.datasets.dataset_train][INFO] - Loaded pitchup-stadium-bbox44 dataset, num samples 36325
[2025-09-12 12:38:15,553][core.datasets.dataset_train][INFO] - Loaded pitchdown-stadium-bbox44 dataset, num samples 36889
[2025-09-12 12:38:15,638][core.datasets.dataset_train][INFO] - Loaded static-hdri-bmi-bbox44 dataset, num samples 22749
[2025-09-12 12:38:15,682][core.datasets.dataset_train][INFO] - Loaded closeup-suburbb-bmi-bbox44 dataset, num samples 8769
[2025-09-12 12:38:15,732][core.datasets.dataset_train][INFO] - Loaded closeup-suburbc-bmi-bbox44 dataset, num samples 8245
[2025-09-12 12:38:16,177][core.datasets.dataset_train][INFO] - Loaded static-suburbd-bmi-bbox44 dataset, num samples 150860
[2025-09-12 12:38:16,293][core.datasets.dataset_train][INFO] - Loaded zoom-gym-bmi-bbox44 dataset, num samples 31019
[2025-09-12 12:38:16,364][core.datasets.dataset_train][INFO] - Loaded static-office-hair-bbox44 dataset, num samples 21731
[2025-09-12 12:38:16,440][core.datasets.dataset_train][INFO] - Loaded zoom-suburbd-hair-bbox44 dataset, num samples 23017
[2025-09-12 12:38:16,508][core.datasets.dataset_train][INFO] - Loaded static-gym-hair-bbox44 dataset, num samples 17553
[2025-09-12 12:38:16,595][core.datasets.dataset_train][INFO] - Loaded orbit-archviz-15-bbox44 dataset, num samples 22305
[2025-09-12 12:38:16,675][core.datasets.dataset_train][INFO] - Loaded orbit-archviz-19-bbox44 dataset, num samples 22623
[2025-09-12 12:38:16,756][core.datasets.dataset_train][INFO] - Loaded orbit-archviz-12-bbox44 dataset, num samples 22569
[2025-09-12 12:38:16,843][core.datasets.dataset_train][INFO] - Loaded orbit-archviz-10-bbox44 dataset, num samples 21825
[2025-09-12 12:38:19,502][core.datasets.dataset_train][INFO] - Loaded insta-1 dataset, num samples 1258262
[2025-09-12 12:38:23,355][core.datasets.dataset_train][INFO] - Loaded insta-2 dataset, num samples 1546764
[2025-09-12 12:38:23,608][core.datasets.dataset_train][INFO] - Loaded coco-train dataset, num samples 39668
[2025-09-12 12:38:23,649][core.datasets.dataset_train][INFO] - Loaded mpii-train dataset, num samples 7135
[2025-09-12 12:38:24,803][core.datasets.dataset_train][INFO] - Loaded aic dataset, num samples 535161
[2025-09-12 12:38:33,001][core.datasets.dataset_val][INFO] - Loaded zoom-suburbd-bbox44 dataset, num samples 77526
[2025-09-12 12:58:33,861][__main__][INFO] - Logging hyperparameters!
[2025-09-12 12:58:34,844][core.datasets.dataset_train][INFO] - Loaded agora-body-bbox44 dataset, num samples 82265
[2025-09-12 12:58:35,137][core.datasets.dataset_train][INFO] - Loaded static-hdri-bbox44 dataset, num samples 89741
[2025-09-12 12:58:35,381][core.datasets.dataset_train][INFO] - Loaded zoom-suburbd-bbox44 dataset, num samples 77526
[2025-09-12 12:58:35,429][core.datasets.dataset_train][INFO] - Loaded closeup-suburba-bbox44 dataset, num samples 8959
[2025-09-12 12:58:35,476][core.datasets.dataset_train][INFO] - Loaded closeup-suburbb-bbox44 dataset, num samples 8448
[2025-09-12 12:58:35,524][core.datasets.dataset_train][INFO] - Loaded closeup-suburbc-bbox44 dataset, num samples 8801
[2025-09-12 12:58:35,569][core.datasets.dataset_train][INFO] - Loaded closeup-suburbd-bbox44 dataset, num samples 8457
[2025-09-12 12:58:35,634][core.datasets.dataset_train][INFO] - Loaded closeup-gym-bbox44 dataset, num samples 17135
[2025-09-12 12:58:35,845][core.datasets.dataset_train][INFO] - Loaded zoom-gym-bbox44 dataset, num samples 72104
[2025-09-12 12:58:36,084][core.datasets.dataset_train][INFO] - Loaded static-gym-bbox44 dataset, num samples 83185
[2025-09-12 12:58:36,165][core.datasets.dataset_train][INFO] - Loaded static-office-bbox44 dataset, num samples 21991
[2025-09-12 12:58:36,240][core.datasets.dataset_train][INFO] - Loaded orbit-office-bbox44 dataset, num samples 21852
[2025-09-12 12:58:36,492][core.datasets.dataset_train][INFO] - Loaded static-hdri-zoomed-bbox44 dataset, num samples 86660
[2025-09-12 12:58:36,600][core.datasets.dataset_train][INFO] - Loaded pitchup-stadium-bbox44 dataset, num samples 36325
[2025-09-12 12:58:36,724][core.datasets.dataset_train][INFO] - Loaded pitchdown-stadium-bbox44 dataset, num samples 36889
[2025-09-12 12:58:36,815][core.datasets.dataset_train][INFO] - Loaded static-hdri-bmi-bbox44 dataset, num samples 22749
[2025-09-12 12:58:36,862][core.datasets.dataset_train][INFO] - Loaded closeup-suburbb-bmi-bbox44 dataset, num samples 8769
[2025-09-12 12:58:36,909][core.datasets.dataset_train][INFO] - Loaded closeup-suburbc-bmi-bbox44 dataset, num samples 8245
[2025-09-12 12:58:37,369][core.datasets.dataset_train][INFO] - Loaded static-suburbd-bmi-bbox44 dataset, num samples 150860
[2025-09-12 12:58:37,494][core.datasets.dataset_train][INFO] - Loaded zoom-gym-bmi-bbox44 dataset, num samples 31019
[2025-09-12 12:58:37,572][core.datasets.dataset_train][INFO] - Loaded static-office-hair-bbox44 dataset, num samples 21731
[2025-09-12 12:58:37,651][core.datasets.dataset_train][INFO] - Loaded zoom-suburbd-hair-bbox44 dataset, num samples 23017
[2025-09-12 12:58:37,715][core.datasets.dataset_train][INFO] - Loaded static-gym-hair-bbox44 dataset, num samples 17553
[2025-09-12 12:58:37,788][core.datasets.dataset_train][INFO] - Loaded orbit-archviz-15-bbox44 dataset, num samples 22305
[2025-09-12 12:58:37,865][core.datasets.dataset_train][INFO] - Loaded orbit-archviz-19-bbox44 dataset, num samples 22623
[2025-09-12 12:58:37,944][core.datasets.dataset_train][INFO] - Loaded orbit-archviz-12-bbox44 dataset, num samples 22569
[2025-09-12 12:58:38,010][core.datasets.dataset_train][INFO] - Loaded orbit-archviz-10-bbox44 dataset, num samples 21825
[2025-09-12 12:58:40,658][core.datasets.dataset_train][INFO] - Loaded insta-1 dataset, num samples 1258262
[2025-09-12 12:58:44,126][core.datasets.dataset_train][INFO] - Loaded insta-2 dataset, num samples 1546764
[2025-09-12 12:58:44,290][core.datasets.dataset_train][INFO] - Loaded coco-train dataset, num samples 39668
[2025-09-12 12:58:44,323][core.datasets.dataset_train][INFO] - Loaded mpii-train dataset, num samples 7135
[2025-09-12 12:58:45,388][core.datasets.dataset_train][INFO] - Loaded aic dataset, num samples 535161
[2025-09-12 12:58:52,975][core.datasets.dataset_val][INFO] - Loaded zoom-suburbd-bbox44 dataset, num samples 77526
[2025-09-12 13:06:37,568][core.utils.misc][ERROR] - 
Traceback (most recent call last):
  File "/picassox/vepfs-mtlab-train-base-new/human-body/weichen.zhang/CameraHMR/core/utils/misc.py", line 39, in wrap
    ret = task_func(cfg=cfg)
  File "/picassox/vepfs-mtlab-train-base-new/human-body/weichen.zhang/CameraHMR/train.py", line 99, in train
    trainer.fit(model, datamodule=datamodule, ckpt_path='last')
  File "/picassox/vepfs-mtlab-train-base-new/human-body/dry/envs/video_tryon/lib/python3.10/site-packages/pytorch_lightning/trainer/trainer.py", line 561, in fit
    call._call_and_handle_interrupt(
  File "/picassox/vepfs-mtlab-train-base-new/human-body/dry/envs/video_tryon/lib/python3.10/site-packages/pytorch_lightning/trainer/call.py", line 48, in _call_and_handle_interrupt
    return trainer.strategy.launcher.launch(trainer_fn, *args, trainer=trainer, **kwargs)
  File "/picassox/vepfs-mtlab-train-base-new/human-body/dry/envs/video_tryon/lib/python3.10/site-packages/pytorch_lightning/strategies/launchers/subprocess_script.py", line 105, in launch
    return function(*args, **kwargs)
  File "/picassox/vepfs-mtlab-train-base-new/human-body/dry/envs/video_tryon/lib/python3.10/site-packages/pytorch_lightning/trainer/trainer.py", line 599, in _fit_impl
    self._run(model, ckpt_path=ckpt_path)
  File "/picassox/vepfs-mtlab-train-base-new/human-body/dry/envs/video_tryon/lib/python3.10/site-packages/pytorch_lightning/trainer/trainer.py", line 1012, in _run
    results = self._run_stage()
  File "/picassox/vepfs-mtlab-train-base-new/human-body/dry/envs/video_tryon/lib/python3.10/site-packages/pytorch_lightning/trainer/trainer.py", line 1054, in _run_stage
    self._run_sanity_check()
  File "/picassox/vepfs-mtlab-train-base-new/human-body/dry/envs/video_tryon/lib/python3.10/site-packages/pytorch_lightning/trainer/trainer.py", line 1083, in _run_sanity_check
    val_loop.run()
  File "/picassox/vepfs-mtlab-train-base-new/human-body/dry/envs/video_tryon/lib/python3.10/site-packages/pytorch_lightning/loops/utilities.py", line 179, in _decorator
    return loop_run(self, *args, **kwargs)
  File "/picassox/vepfs-mtlab-train-base-new/human-body/dry/envs/video_tryon/lib/python3.10/site-packages/pytorch_lightning/loops/evaluation_loop.py", line 152, in run
    return self.on_run_end()
  File "/picassox/vepfs-mtlab-train-base-new/human-body/dry/envs/video_tryon/lib/python3.10/site-packages/pytorch_lightning/loops/evaluation_loop.py", line 295, in on_run_end
    self._on_evaluation_epoch_end()
  File "/picassox/vepfs-mtlab-train-base-new/human-body/dry/envs/video_tryon/lib/python3.10/site-packages/pytorch_lightning/loops/evaluation_loop.py", line 377, in _on_evaluation_epoch_end
    trainer._logger_connector.on_epoch_end()
  File "/picassox/vepfs-mtlab-train-base-new/human-body/dry/envs/video_tryon/lib/python3.10/site-packages/pytorch_lightning/trainer/connectors/logger_connector/logger_connector.py", line 197, in on_epoch_end
    metrics = self.metrics
  File "/picassox/vepfs-mtlab-train-base-new/human-body/dry/envs/video_tryon/lib/python3.10/site-packages/pytorch_lightning/trainer/connectors/logger_connector/logger_connector.py", line 236, in metrics
    return self.trainer._results.metrics(on_step)
  File "/picassox/vepfs-mtlab-train-base-new/human-body/dry/envs/video_tryon/lib/python3.10/site-packages/pytorch_lightning/trainer/connectors/logger_connector/result.py", line 476, in metrics
    value = self._get_cache(result_metric, on_step)
  File "/picassox/vepfs-mtlab-train-base-new/human-body/dry/envs/video_tryon/lib/python3.10/site-packages/pytorch_lightning/trainer/connectors/logger_connector/result.py", line 440, in _get_cache
    result_metric.compute()
  File "/picassox/vepfs-mtlab-train-base-new/human-body/dry/envs/video_tryon/lib/python3.10/site-packages/pytorch_lightning/trainer/connectors/logger_connector/result.py", line 289, in wrapped_func
    self._computed = compute(*args, **kwargs)
  File "/picassox/vepfs-mtlab-train-base-new/human-body/dry/envs/video_tryon/lib/python3.10/site-packages/pytorch_lightning/trainer/connectors/logger_connector/result.py", line 249, in compute
    value = self.meta.sync(self.value.clone())  # `clone` because `sync` is in-place
  File "/picassox/vepfs-mtlab-train-base-new/human-body/dry/envs/video_tryon/lib/python3.10/site-packages/pytorch_lightning/strategies/ddp.py", line 342, in reduce
    return _sync_ddp_if_available(tensor, group, reduce_op=reduce_op)
  File "/picassox/vepfs-mtlab-train-base-new/human-body/dry/envs/video_tryon/lib/python3.10/site-packages/lightning_fabric/utilities/distributed.py", line 179, in _sync_ddp_if_available
    return _sync_ddp(result, group=group, reduce_op=reduce_op)
  File "/picassox/vepfs-mtlab-train-base-new/human-body/dry/envs/video_tryon/lib/python3.10/site-packages/lightning_fabric/utilities/distributed.py", line 229, in _sync_ddp
    torch.distributed.all_reduce(result, op=op, group=group, async_op=False)
  File "/picassox/vepfs-mtlab-train-base-new/human-body/dry/envs/video_tryon/lib/python3.10/site-packages/torch/distributed/c10d_logger.py", line 81, in wrapper
    return func(*args, **kwargs)
  File "/picassox/vepfs-mtlab-train-base-new/human-body/dry/envs/video_tryon/lib/python3.10/site-packages/torch/distributed/distributed_c10d.py", line 2806, in all_reduce
    work = group.allreduce([tensor], opts)
RuntimeError: No backend type associated with device type cpu
[2025-09-12 13:06:37,579][core.utils.misc][INFO] - Closing loggers...
[2025-09-12 13:09:16,313][__main__][INFO] - Logging hyperparameters!
[2025-09-12 13:09:17,276][core.datasets.dataset_train][INFO] - Loaded agora-body-bbox44 dataset, num samples 82265
[2025-09-12 13:09:17,520][core.datasets.dataset_train][INFO] - Loaded static-hdri-bbox44 dataset, num samples 89741
[2025-09-12 13:09:17,744][core.datasets.dataset_train][INFO] - Loaded zoom-suburbd-bbox44 dataset, num samples 77526
[2025-09-12 13:09:17,785][core.datasets.dataset_train][INFO] - Loaded closeup-suburba-bbox44 dataset, num samples 8959
[2025-09-12 13:09:17,822][core.datasets.dataset_train][INFO] - Loaded closeup-suburbb-bbox44 dataset, num samples 8448
[2025-09-12 13:09:17,859][core.datasets.dataset_train][INFO] - Loaded closeup-suburbc-bbox44 dataset, num samples 8801
[2025-09-12 13:09:17,892][core.datasets.dataset_train][INFO] - Loaded closeup-suburbd-bbox44 dataset, num samples 8457
[2025-09-12 13:09:17,952][core.datasets.dataset_train][INFO] - Loaded closeup-gym-bbox44 dataset, num samples 17135
[2025-09-12 13:09:18,159][core.datasets.dataset_train][INFO] - Loaded zoom-gym-bbox44 dataset, num samples 72104
[2025-09-12 13:09:18,396][core.datasets.dataset_train][INFO] - Loaded static-gym-bbox44 dataset, num samples 83185
[2025-09-12 13:09:18,469][core.datasets.dataset_train][INFO] - Loaded static-office-bbox44 dataset, num samples 21991
[2025-09-12 13:09:18,536][core.datasets.dataset_train][INFO] - Loaded orbit-office-bbox44 dataset, num samples 21852
[2025-09-12 13:09:19,146][core.datasets.dataset_train][INFO] - Loaded static-hdri-zoomed-bbox44 dataset, num samples 86660
[2025-09-12 13:09:19,259][core.datasets.dataset_train][INFO] - Loaded pitchup-stadium-bbox44 dataset, num samples 36325
[2025-09-12 13:09:19,374][core.datasets.dataset_train][INFO] - Loaded pitchdown-stadium-bbox44 dataset, num samples 36889
[2025-09-12 13:09:19,443][core.datasets.dataset_train][INFO] - Loaded static-hdri-bmi-bbox44 dataset, num samples 22749
[2025-09-12 13:09:19,474][core.datasets.dataset_train][INFO] - Loaded closeup-suburbb-bmi-bbox44 dataset, num samples 8769
[2025-09-12 13:09:19,507][core.datasets.dataset_train][INFO] - Loaded closeup-suburbc-bmi-bbox44 dataset, num samples 8245
[2025-09-12 13:09:19,872][core.datasets.dataset_train][INFO] - Loaded static-suburbd-bmi-bbox44 dataset, num samples 150860
[2025-09-12 13:09:19,970][core.datasets.dataset_train][INFO] - Loaded zoom-gym-bmi-bbox44 dataset, num samples 31019
[2025-09-12 13:09:20,036][core.datasets.dataset_train][INFO] - Loaded static-office-hair-bbox44 dataset, num samples 21731
[2025-09-12 13:09:20,108][core.datasets.dataset_train][INFO] - Loaded zoom-suburbd-hair-bbox44 dataset, num samples 23017
[2025-09-12 13:09:20,160][core.datasets.dataset_train][INFO] - Loaded static-gym-hair-bbox44 dataset, num samples 17553
[2025-09-12 13:09:20,242][core.datasets.dataset_train][INFO] - Loaded orbit-archviz-15-bbox44 dataset, num samples 22305
[2025-09-12 13:09:20,314][core.datasets.dataset_train][INFO] - Loaded orbit-archviz-19-bbox44 dataset, num samples 22623
[2025-09-12 13:09:20,387][core.datasets.dataset_train][INFO] - Loaded orbit-archviz-12-bbox44 dataset, num samples 22569
[2025-09-12 13:09:20,460][core.datasets.dataset_train][INFO] - Loaded orbit-archviz-10-bbox44 dataset, num samples 21825
[2025-09-12 13:09:23,125][core.datasets.dataset_train][INFO] - Loaded insta-1 dataset, num samples 1258262
[2025-09-12 13:09:26,619][core.datasets.dataset_train][INFO] - Loaded insta-2 dataset, num samples 1546764
[2025-09-12 13:09:26,749][core.datasets.dataset_train][INFO] - Loaded coco-train dataset, num samples 39668
[2025-09-12 13:09:26,782][core.datasets.dataset_train][INFO] - Loaded mpii-train dataset, num samples 7135
[2025-09-12 13:09:27,833][core.datasets.dataset_train][INFO] - Loaded aic dataset, num samples 535161
[2025-09-12 13:09:35,365][core.datasets.dataset_val][INFO] - Loaded zoom-suburbd-bbox44 dataset, num samples 77526
[2025-09-12 13:11:09,063][core.utils.misc][ERROR] - 
Traceback (most recent call last):
  File "/picassox/vepfs-mtlab-train-base-new/human-body/weichen.zhang/CameraHMR/core/utils/misc.py", line 39, in wrap
    ret = task_func(cfg=cfg)
  File "/picassox/vepfs-mtlab-train-base-new/human-body/weichen.zhang/CameraHMR/train.py", line 99, in train
    trainer.fit(model, datamodule=datamodule, ckpt_path='last')
  File "/picassox/vepfs-mtlab-train-base-new/human-body/dry/envs/video_tryon/lib/python3.10/site-packages/pytorch_lightning/trainer/trainer.py", line 561, in fit
    call._call_and_handle_interrupt(
  File "/picassox/vepfs-mtlab-train-base-new/human-body/dry/envs/video_tryon/lib/python3.10/site-packages/pytorch_lightning/trainer/call.py", line 48, in _call_and_handle_interrupt
    return trainer.strategy.launcher.launch(trainer_fn, *args, trainer=trainer, **kwargs)
  File "/picassox/vepfs-mtlab-train-base-new/human-body/dry/envs/video_tryon/lib/python3.10/site-packages/pytorch_lightning/strategies/launchers/subprocess_script.py", line 105, in launch
    return function(*args, **kwargs)
  File "/picassox/vepfs-mtlab-train-base-new/human-body/dry/envs/video_tryon/lib/python3.10/site-packages/pytorch_lightning/trainer/trainer.py", line 599, in _fit_impl
    self._run(model, ckpt_path=ckpt_path)
  File "/picassox/vepfs-mtlab-train-base-new/human-body/dry/envs/video_tryon/lib/python3.10/site-packages/pytorch_lightning/trainer/trainer.py", line 1012, in _run
    results = self._run_stage()
  File "/picassox/vepfs-mtlab-train-base-new/human-body/dry/envs/video_tryon/lib/python3.10/site-packages/pytorch_lightning/trainer/trainer.py", line 1054, in _run_stage
    self._run_sanity_check()
  File "/picassox/vepfs-mtlab-train-base-new/human-body/dry/envs/video_tryon/lib/python3.10/site-packages/pytorch_lightning/trainer/trainer.py", line 1083, in _run_sanity_check
    val_loop.run()
  File "/picassox/vepfs-mtlab-train-base-new/human-body/dry/envs/video_tryon/lib/python3.10/site-packages/pytorch_lightning/loops/utilities.py", line 179, in _decorator
    return loop_run(self, *args, **kwargs)
  File "/picassox/vepfs-mtlab-train-base-new/human-body/dry/envs/video_tryon/lib/python3.10/site-packages/pytorch_lightning/loops/evaluation_loop.py", line 152, in run
    return self.on_run_end()
  File "/picassox/vepfs-mtlab-train-base-new/human-body/dry/envs/video_tryon/lib/python3.10/site-packages/pytorch_lightning/loops/evaluation_loop.py", line 295, in on_run_end
    self._on_evaluation_epoch_end()
  File "/picassox/vepfs-mtlab-train-base-new/human-body/dry/envs/video_tryon/lib/python3.10/site-packages/pytorch_lightning/loops/evaluation_loop.py", line 377, in _on_evaluation_epoch_end
    trainer._logger_connector.on_epoch_end()
  File "/picassox/vepfs-mtlab-train-base-new/human-body/dry/envs/video_tryon/lib/python3.10/site-packages/pytorch_lightning/trainer/connectors/logger_connector/logger_connector.py", line 197, in on_epoch_end
    metrics = self.metrics
  File "/picassox/vepfs-mtlab-train-base-new/human-body/dry/envs/video_tryon/lib/python3.10/site-packages/pytorch_lightning/trainer/connectors/logger_connector/logger_connector.py", line 236, in metrics
    return self.trainer._results.metrics(on_step)
  File "/picassox/vepfs-mtlab-train-base-new/human-body/dry/envs/video_tryon/lib/python3.10/site-packages/pytorch_lightning/trainer/connectors/logger_connector/result.py", line 476, in metrics
    value = self._get_cache(result_metric, on_step)
  File "/picassox/vepfs-mtlab-train-base-new/human-body/dry/envs/video_tryon/lib/python3.10/site-packages/pytorch_lightning/trainer/connectors/logger_connector/result.py", line 440, in _get_cache
    result_metric.compute()
  File "/picassox/vepfs-mtlab-train-base-new/human-body/dry/envs/video_tryon/lib/python3.10/site-packages/pytorch_lightning/trainer/connectors/logger_connector/result.py", line 289, in wrapped_func
    self._computed = compute(*args, **kwargs)
  File "/picassox/vepfs-mtlab-train-base-new/human-body/dry/envs/video_tryon/lib/python3.10/site-packages/pytorch_lightning/trainer/connectors/logger_connector/result.py", line 249, in compute
    value = self.meta.sync(self.value.clone())  # `clone` because `sync` is in-place
  File "/picassox/vepfs-mtlab-train-base-new/human-body/dry/envs/video_tryon/lib/python3.10/site-packages/pytorch_lightning/strategies/ddp.py", line 342, in reduce
    return _sync_ddp_if_available(tensor, group, reduce_op=reduce_op)
  File "/picassox/vepfs-mtlab-train-base-new/human-body/dry/envs/video_tryon/lib/python3.10/site-packages/lightning_fabric/utilities/distributed.py", line 179, in _sync_ddp_if_available
    return _sync_ddp(result, group=group, reduce_op=reduce_op)
  File "/picassox/vepfs-mtlab-train-base-new/human-body/dry/envs/video_tryon/lib/python3.10/site-packages/lightning_fabric/utilities/distributed.py", line 229, in _sync_ddp
    torch.distributed.all_reduce(result, op=op, group=group, async_op=False)
  File "/picassox/vepfs-mtlab-train-base-new/human-body/dry/envs/video_tryon/lib/python3.10/site-packages/torch/distributed/c10d_logger.py", line 81, in wrapper
    return func(*args, **kwargs)
  File "/picassox/vepfs-mtlab-train-base-new/human-body/dry/envs/video_tryon/lib/python3.10/site-packages/torch/distributed/distributed_c10d.py", line 2806, in all_reduce
    work = group.allreduce([tensor], opts)
RuntimeError: No backend type associated with device type cpu
[2025-09-12 13:11:09,072][core.utils.misc][INFO] - Closing loggers...
[2025-09-12 13:42:29,014][__main__][INFO] - Logging hyperparameters!
[2025-09-12 13:42:29,895][core.datasets.dataset_train][INFO] - Loaded agora-body-bbox44 dataset, num samples 82265
[2025-09-12 13:42:30,175][core.datasets.dataset_train][INFO] - Loaded static-hdri-bbox44 dataset, num samples 89741
[2025-09-12 13:42:30,414][core.datasets.dataset_train][INFO] - Loaded zoom-suburbd-bbox44 dataset, num samples 77526
[2025-09-12 13:42:30,461][core.datasets.dataset_train][INFO] - Loaded closeup-suburba-bbox44 dataset, num samples 8959
[2025-09-12 13:42:30,504][core.datasets.dataset_train][INFO] - Loaded closeup-suburbb-bbox44 dataset, num samples 8448
[2025-09-12 13:42:30,545][core.datasets.dataset_train][INFO] - Loaded closeup-suburbc-bbox44 dataset, num samples 8801
[2025-09-12 13:42:30,587][core.datasets.dataset_train][INFO] - Loaded closeup-suburbd-bbox44 dataset, num samples 8457
[2025-09-12 13:42:30,646][core.datasets.dataset_train][INFO] - Loaded closeup-gym-bbox44 dataset, num samples 17135
[2025-09-12 13:42:30,853][core.datasets.dataset_train][INFO] - Loaded zoom-gym-bbox44 dataset, num samples 72104
[2025-09-12 13:42:31,086][core.datasets.dataset_train][INFO] - Loaded static-gym-bbox44 dataset, num samples 83185
[2025-09-12 13:42:31,156][core.datasets.dataset_train][INFO] - Loaded static-office-bbox44 dataset, num samples 21991
[2025-09-12 13:42:31,223][core.datasets.dataset_train][INFO] - Loaded orbit-office-bbox44 dataset, num samples 21852
[2025-09-12 13:42:31,856][core.datasets.dataset_train][INFO] - Loaded static-hdri-zoomed-bbox44 dataset, num samples 86660
[2025-09-12 13:42:31,957][core.datasets.dataset_train][INFO] - Loaded pitchup-stadium-bbox44 dataset, num samples 36325
[2025-09-12 13:42:32,061][core.datasets.dataset_train][INFO] - Loaded pitchdown-stadium-bbox44 dataset, num samples 36889
[2025-09-12 13:42:32,136][core.datasets.dataset_train][INFO] - Loaded static-hdri-bmi-bbox44 dataset, num samples 22749
[2025-09-12 13:42:32,170][core.datasets.dataset_train][INFO] - Loaded closeup-suburbb-bmi-bbox44 dataset, num samples 8769
[2025-09-12 13:42:32,213][core.datasets.dataset_train][INFO] - Loaded closeup-suburbc-bmi-bbox44 dataset, num samples 8245
[2025-09-12 13:42:32,611][core.datasets.dataset_train][INFO] - Loaded static-suburbd-bmi-bbox44 dataset, num samples 150860
[2025-09-12 13:42:32,730][core.datasets.dataset_train][INFO] - Loaded zoom-gym-bmi-bbox44 dataset, num samples 31019
[2025-09-12 13:42:32,808][core.datasets.dataset_train][INFO] - Loaded static-office-hair-bbox44 dataset, num samples 21731
[2025-09-12 13:42:32,881][core.datasets.dataset_train][INFO] - Loaded zoom-suburbd-hair-bbox44 dataset, num samples 23017
[2025-09-12 13:42:32,942][core.datasets.dataset_train][INFO] - Loaded static-gym-hair-bbox44 dataset, num samples 17553
[2025-09-12 13:42:33,020][core.datasets.dataset_train][INFO] - Loaded orbit-archviz-15-bbox44 dataset, num samples 22305
[2025-09-12 13:42:33,089][core.datasets.dataset_train][INFO] - Loaded orbit-archviz-19-bbox44 dataset, num samples 22623
[2025-09-12 13:42:33,171][core.datasets.dataset_train][INFO] - Loaded orbit-archviz-12-bbox44 dataset, num samples 22569
[2025-09-12 13:42:33,241][core.datasets.dataset_train][INFO] - Loaded orbit-archviz-10-bbox44 dataset, num samples 21825
[2025-09-12 13:42:35,881][core.datasets.dataset_train][INFO] - Loaded insta-1 dataset, num samples 1258262
[2025-09-12 13:42:39,636][core.datasets.dataset_train][INFO] - Loaded insta-2 dataset, num samples 1546764
[2025-09-12 13:42:39,826][core.datasets.dataset_train][INFO] - Loaded coco-train dataset, num samples 39668
[2025-09-12 13:42:39,857][core.datasets.dataset_train][INFO] - Loaded mpii-train dataset, num samples 7135
[2025-09-12 13:42:41,006][core.datasets.dataset_train][INFO] - Loaded aic dataset, num samples 535161
[2025-09-12 13:42:49,149][core.datasets.dataset_val][INFO] - Loaded zoom-suburbd-bbox44 dataset, num samples 77526
[2025-09-12 13:50:33,788][core.utils.misc][ERROR] - 
Traceback (most recent call last):
  File "/picassox/vepfs-mtlab-train-base-new/human-body/weichen.zhang/CameraHMR/core/utils/misc.py", line 39, in wrap
    ret = task_func(cfg=cfg)
  File "/picassox/vepfs-mtlab-train-base-new/human-body/weichen.zhang/CameraHMR/train.py", line 99, in train
    trainer.fit(model, datamodule=datamodule, ckpt_path='last')
  File "/picassox/vepfs-mtlab-train-base-new/human-body/dry/envs/video_tryon/lib/python3.10/site-packages/pytorch_lightning/trainer/trainer.py", line 561, in fit
    call._call_and_handle_interrupt(
  File "/picassox/vepfs-mtlab-train-base-new/human-body/dry/envs/video_tryon/lib/python3.10/site-packages/pytorch_lightning/trainer/call.py", line 48, in _call_and_handle_interrupt
    return trainer.strategy.launcher.launch(trainer_fn, *args, trainer=trainer, **kwargs)
  File "/picassox/vepfs-mtlab-train-base-new/human-body/dry/envs/video_tryon/lib/python3.10/site-packages/pytorch_lightning/strategies/launchers/subprocess_script.py", line 105, in launch
    return function(*args, **kwargs)
  File "/picassox/vepfs-mtlab-train-base-new/human-body/dry/envs/video_tryon/lib/python3.10/site-packages/pytorch_lightning/trainer/trainer.py", line 599, in _fit_impl
    self._run(model, ckpt_path=ckpt_path)
  File "/picassox/vepfs-mtlab-train-base-new/human-body/dry/envs/video_tryon/lib/python3.10/site-packages/pytorch_lightning/trainer/trainer.py", line 1012, in _run
    results = self._run_stage()
  File "/picassox/vepfs-mtlab-train-base-new/human-body/dry/envs/video_tryon/lib/python3.10/site-packages/pytorch_lightning/trainer/trainer.py", line 1056, in _run_stage
    self.fit_loop.run()
  File "/picassox/vepfs-mtlab-train-base-new/human-body/dry/envs/video_tryon/lib/python3.10/site-packages/pytorch_lightning/loops/fit_loop.py", line 216, in run
    self.advance()
  File "/picassox/vepfs-mtlab-train-base-new/human-body/dry/envs/video_tryon/lib/python3.10/site-packages/pytorch_lightning/loops/fit_loop.py", line 455, in advance
    self.epoch_loop.run(self._data_fetcher)
  File "/picassox/vepfs-mtlab-train-base-new/human-body/dry/envs/video_tryon/lib/python3.10/site-packages/pytorch_lightning/loops/training_epoch_loop.py", line 152, in run
    self.advance(data_fetcher)
  File "/picassox/vepfs-mtlab-train-base-new/human-body/dry/envs/video_tryon/lib/python3.10/site-packages/pytorch_lightning/loops/training_epoch_loop.py", line 310, in advance
    batch, _, __ = next(data_fetcher)
  File "/picassox/vepfs-mtlab-train-base-new/human-body/dry/envs/video_tryon/lib/python3.10/site-packages/pytorch_lightning/loops/fetchers.py", line 134, in __next__
    batch = super().__next__()
  File "/picassox/vepfs-mtlab-train-base-new/human-body/dry/envs/video_tryon/lib/python3.10/site-packages/pytorch_lightning/loops/fetchers.py", line 61, in __next__
    batch = next(self.iterator)
  File "/picassox/vepfs-mtlab-train-base-new/human-body/dry/envs/video_tryon/lib/python3.10/site-packages/pytorch_lightning/utilities/combined_loader.py", line 341, in __next__
    out = next(self._iterator)
  File "/picassox/vepfs-mtlab-train-base-new/human-body/dry/envs/video_tryon/lib/python3.10/site-packages/pytorch_lightning/utilities/combined_loader.py", line 78, in __next__
    out[i] = next(self.iterators[i])
  File "/picassox/vepfs-mtlab-train-base-new/human-body/dry/envs/video_tryon/lib/python3.10/site-packages/torch/utils/data/dataloader.py", line 708, in __next__
    data = self._next_data()
  File "/picassox/vepfs-mtlab-train-base-new/human-body/dry/envs/video_tryon/lib/python3.10/site-packages/torch/utils/data/dataloader.py", line 1480, in _next_data
    return self._process_data(data)
  File "/picassox/vepfs-mtlab-train-base-new/human-body/dry/envs/video_tryon/lib/python3.10/site-packages/torch/utils/data/dataloader.py", line 1505, in _process_data
    data.reraise()
  File "/picassox/vepfs-mtlab-train-base-new/human-body/dry/envs/video_tryon/lib/python3.10/site-packages/torch/_utils.py", line 733, in reraise
    raise exception
TypeError: Caught TypeError in DataLoader worker process 0.
Original Traceback (most recent call last):
  File "/picassox/vepfs-mtlab-train-base-new/human-body/dry/envs/video_tryon/lib/python3.10/site-packages/torch/utils/data/_utils/worker.py", line 349, in _worker_loop
    data = fetcher.fetch(index)  # type: ignore[possibly-undefined]
  File "/picassox/vepfs-mtlab-train-base-new/human-body/dry/envs/video_tryon/lib/python3.10/site-packages/torch/utils/data/_utils/fetch.py", line 52, in fetch
    data = [self.dataset[idx] for idx in possibly_batched_index]
  File "/picassox/vepfs-mtlab-train-base-new/human-body/dry/envs/video_tryon/lib/python3.10/site-packages/torch/utils/data/_utils/fetch.py", line 52, in <listcomp>
    data = [self.dataset[idx] for idx in possibly_batched_index]
  File "/picassox/vepfs-mtlab-train-base-new/human-body/dry/envs/video_tryon/lib/python3.10/site-packages/torch/utils/data/dataset.py", line 350, in __getitem__
    return self.datasets[dataset_idx][sample_idx]
  File "/picassox/vepfs-mtlab-train-base-new/human-body/weichen.zhang/CameraHMR/core/datasets/dataset_train.py", line 81, in __getitem__
    cv_img = cv_img[:, :, ::-1]
TypeError: 'NoneType' object is not subscriptable

[2025-09-12 13:50:33,796][core.utils.misc][INFO] - Closing loggers...
[2025-09-12 14:05:56,912][__main__][INFO] - Logging hyperparameters!
[2025-09-12 14:05:57,855][core.datasets.dataset_train][INFO] - Loaded agora-body-bbox44 dataset, num samples 82265
[2025-09-12 14:05:58,118][core.datasets.dataset_train][INFO] - Loaded static-hdri-bbox44 dataset, num samples 89741
[2025-09-12 14:05:58,349][core.datasets.dataset_train][INFO] - Loaded zoom-suburbd-bbox44 dataset, num samples 77526
[2025-09-12 14:05:58,397][core.datasets.dataset_train][INFO] - Loaded closeup-suburba-bbox44 dataset, num samples 8959
[2025-09-12 14:05:58,441][core.datasets.dataset_train][INFO] - Loaded closeup-suburbb-bbox44 dataset, num samples 8448
[2025-09-12 14:05:58,479][core.datasets.dataset_train][INFO] - Loaded closeup-suburbc-bbox44 dataset, num samples 8801
[2025-09-12 14:05:58,524][core.datasets.dataset_train][INFO] - Loaded closeup-suburbd-bbox44 dataset, num samples 8457
[2025-09-12 14:05:58,586][core.datasets.dataset_train][INFO] - Loaded closeup-gym-bbox44 dataset, num samples 17135
[2025-09-12 14:05:58,804][core.datasets.dataset_train][INFO] - Loaded zoom-gym-bbox44 dataset, num samples 72104
[2025-09-12 14:05:59,069][core.datasets.dataset_train][INFO] - Loaded static-gym-bbox44 dataset, num samples 83185
[2025-09-12 14:05:59,189][core.datasets.dataset_train][INFO] - Loaded static-office-bbox44 dataset, num samples 21991
[2025-09-12 14:05:59,273][core.datasets.dataset_train][INFO] - Loaded orbit-office-bbox44 dataset, num samples 21852
[2025-09-12 14:05:59,518][core.datasets.dataset_train][INFO] - Loaded static-hdri-zoomed-bbox44 dataset, num samples 86660
[2025-09-12 14:05:59,632][core.datasets.dataset_train][INFO] - Loaded pitchup-stadium-bbox44 dataset, num samples 36325
[2025-09-12 14:05:59,751][core.datasets.dataset_train][INFO] - Loaded pitchdown-stadium-bbox44 dataset, num samples 36889
[2025-09-12 14:05:59,833][core.datasets.dataset_train][INFO] - Loaded static-hdri-bmi-bbox44 dataset, num samples 22749
[2025-09-12 14:05:59,873][core.datasets.dataset_train][INFO] - Loaded closeup-suburbb-bmi-bbox44 dataset, num samples 8769
[2025-09-12 14:05:59,917][core.datasets.dataset_train][INFO] - Loaded closeup-suburbc-bmi-bbox44 dataset, num samples 8245
[2025-09-12 14:06:00,365][core.datasets.dataset_train][INFO] - Loaded static-suburbd-bmi-bbox44 dataset, num samples 150860
[2025-09-12 14:06:00,481][core.datasets.dataset_train][INFO] - Loaded zoom-gym-bmi-bbox44 dataset, num samples 31019
[2025-09-12 14:06:00,562][core.datasets.dataset_train][INFO] - Loaded static-office-hair-bbox44 dataset, num samples 21731
[2025-09-12 14:06:00,650][core.datasets.dataset_train][INFO] - Loaded zoom-suburbd-hair-bbox44 dataset, num samples 23017
[2025-09-12 14:06:00,731][core.datasets.dataset_train][INFO] - Loaded static-gym-hair-bbox44 dataset, num samples 17553
[2025-09-12 14:06:00,825][core.datasets.dataset_train][INFO] - Loaded orbit-archviz-15-bbox44 dataset, num samples 22305
[2025-09-12 14:06:00,911][core.datasets.dataset_train][INFO] - Loaded orbit-archviz-19-bbox44 dataset, num samples 22623
[2025-09-12 14:06:00,995][core.datasets.dataset_train][INFO] - Loaded orbit-archviz-12-bbox44 dataset, num samples 22569
[2025-09-12 14:06:01,078][core.datasets.dataset_train][INFO] - Loaded orbit-archviz-10-bbox44 dataset, num samples 21825
[2025-09-12 14:06:03,926][core.datasets.dataset_train][INFO] - Loaded insta-1 dataset, num samples 1258262
[2025-09-12 14:06:07,327][core.datasets.dataset_train][INFO] - Loaded insta-2 dataset, num samples 1546764
[2025-09-12 14:06:07,468][core.datasets.dataset_train][INFO] - Loaded coco-train dataset, num samples 39668
[2025-09-12 14:06:07,504][core.datasets.dataset_train][INFO] - Loaded mpii-train dataset, num samples 7135
[2025-09-12 14:06:08,577][core.datasets.dataset_train][INFO] - Loaded aic dataset, num samples 535161
[2025-09-12 14:06:15,939][core.datasets.dataset_val][INFO] - Loaded zoom-suburbd-bbox44 dataset, num samples 77526
[2025-09-12 14:16:31,948][core.utils.misc][ERROR] - 
Traceback (most recent call last):
  File "/picassox/vepfs-mtlab-train-base-new/human-body/weichen.zhang/CameraHMR/core/utils/misc.py", line 39, in wrap
    ret = task_func(cfg=cfg)
  File "/picassox/vepfs-mtlab-train-base-new/human-body/weichen.zhang/CameraHMR/train.py", line 99, in train
    trainer.fit(model, datamodule=datamodule, ckpt_path='last')
  File "/picassox/vepfs-mtlab-train-base-new/human-body/dry/envs/video_tryon/lib/python3.10/site-packages/pytorch_lightning/trainer/trainer.py", line 561, in fit
    call._call_and_handle_interrupt(
  File "/picassox/vepfs-mtlab-train-base-new/human-body/dry/envs/video_tryon/lib/python3.10/site-packages/pytorch_lightning/trainer/call.py", line 48, in _call_and_handle_interrupt
    return trainer.strategy.launcher.launch(trainer_fn, *args, trainer=trainer, **kwargs)
  File "/picassox/vepfs-mtlab-train-base-new/human-body/dry/envs/video_tryon/lib/python3.10/site-packages/pytorch_lightning/strategies/launchers/subprocess_script.py", line 105, in launch
    return function(*args, **kwargs)
  File "/picassox/vepfs-mtlab-train-base-new/human-body/dry/envs/video_tryon/lib/python3.10/site-packages/pytorch_lightning/trainer/trainer.py", line 599, in _fit_impl
    self._run(model, ckpt_path=ckpt_path)
  File "/picassox/vepfs-mtlab-train-base-new/human-body/dry/envs/video_tryon/lib/python3.10/site-packages/pytorch_lightning/trainer/trainer.py", line 1012, in _run
    results = self._run_stage()
  File "/picassox/vepfs-mtlab-train-base-new/human-body/dry/envs/video_tryon/lib/python3.10/site-packages/pytorch_lightning/trainer/trainer.py", line 1056, in _run_stage
    self.fit_loop.run()
  File "/picassox/vepfs-mtlab-train-base-new/human-body/dry/envs/video_tryon/lib/python3.10/site-packages/pytorch_lightning/loops/fit_loop.py", line 216, in run
    self.advance()
  File "/picassox/vepfs-mtlab-train-base-new/human-body/dry/envs/video_tryon/lib/python3.10/site-packages/pytorch_lightning/loops/fit_loop.py", line 455, in advance
    self.epoch_loop.run(self._data_fetcher)
  File "/picassox/vepfs-mtlab-train-base-new/human-body/dry/envs/video_tryon/lib/python3.10/site-packages/pytorch_lightning/loops/training_epoch_loop.py", line 152, in run
    self.advance(data_fetcher)
  File "/picassox/vepfs-mtlab-train-base-new/human-body/dry/envs/video_tryon/lib/python3.10/site-packages/pytorch_lightning/loops/training_epoch_loop.py", line 310, in advance
    batch, _, __ = next(data_fetcher)
  File "/picassox/vepfs-mtlab-train-base-new/human-body/dry/envs/video_tryon/lib/python3.10/site-packages/pytorch_lightning/loops/fetchers.py", line 134, in __next__
    batch = super().__next__()
  File "/picassox/vepfs-mtlab-train-base-new/human-body/dry/envs/video_tryon/lib/python3.10/site-packages/pytorch_lightning/loops/fetchers.py", line 61, in __next__
    batch = next(self.iterator)
  File "/picassox/vepfs-mtlab-train-base-new/human-body/dry/envs/video_tryon/lib/python3.10/site-packages/pytorch_lightning/utilities/combined_loader.py", line 341, in __next__
    out = next(self._iterator)
  File "/picassox/vepfs-mtlab-train-base-new/human-body/dry/envs/video_tryon/lib/python3.10/site-packages/pytorch_lightning/utilities/combined_loader.py", line 78, in __next__
    out[i] = next(self.iterators[i])
  File "/picassox/vepfs-mtlab-train-base-new/human-body/dry/envs/video_tryon/lib/python3.10/site-packages/torch/utils/data/dataloader.py", line 708, in __next__
    data = self._next_data()
  File "/picassox/vepfs-mtlab-train-base-new/human-body/dry/envs/video_tryon/lib/python3.10/site-packages/torch/utils/data/dataloader.py", line 1480, in _next_data
    return self._process_data(data)
  File "/picassox/vepfs-mtlab-train-base-new/human-body/dry/envs/video_tryon/lib/python3.10/site-packages/torch/utils/data/dataloader.py", line 1505, in _process_data
    data.reraise()
  File "/picassox/vepfs-mtlab-train-base-new/human-body/dry/envs/video_tryon/lib/python3.10/site-packages/torch/_utils.py", line 733, in reraise
    raise exception
TypeError: Caught TypeError in DataLoader worker process 0.
Original Traceback (most recent call last):
  File "/picassox/vepfs-mtlab-train-base-new/human-body/dry/envs/video_tryon/lib/python3.10/site-packages/torch/utils/data/_utils/worker.py", line 349, in _worker_loop
    data = fetcher.fetch(index)  # type: ignore[possibly-undefined]
  File "/picassox/vepfs-mtlab-train-base-new/human-body/dry/envs/video_tryon/lib/python3.10/site-packages/torch/utils/data/_utils/fetch.py", line 52, in fetch
    data = [self.dataset[idx] for idx in possibly_batched_index]
  File "/picassox/vepfs-mtlab-train-base-new/human-body/dry/envs/video_tryon/lib/python3.10/site-packages/torch/utils/data/_utils/fetch.py", line 52, in <listcomp>
    data = [self.dataset[idx] for idx in possibly_batched_index]
  File "/picassox/vepfs-mtlab-train-base-new/human-body/dry/envs/video_tryon/lib/python3.10/site-packages/torch/utils/data/dataset.py", line 350, in __getitem__
    return self.datasets[dataset_idx][sample_idx]
  File "/picassox/vepfs-mtlab-train-base-new/human-body/weichen.zhang/CameraHMR/core/datasets/dataset_train.py", line 81, in __getitem__
    cv_img = cv_img[:, :, ::-1]
TypeError: 'NoneType' object is not subscriptable

[2025-09-12 14:16:31,960][core.utils.misc][INFO] - Closing loggers...
[2025-09-12 14:55:52,024][__main__][INFO] - Logging hyperparameters!
[2025-09-12 14:55:53,204][core.datasets.dataset_train][INFO] - Loaded agora-body-bbox44 dataset, num samples 82265
[2025-09-12 14:55:53,450][core.datasets.dataset_train][INFO] - Loaded static-hdri-bbox44 dataset, num samples 89741
[2025-09-12 14:55:53,659][core.datasets.dataset_train][INFO] - Loaded zoom-suburbd-bbox44 dataset, num samples 77526
[2025-09-12 14:55:53,697][core.datasets.dataset_train][INFO] - Loaded closeup-suburba-bbox44 dataset, num samples 8959
[2025-09-12 14:55:53,735][core.datasets.dataset_train][INFO] - Loaded closeup-suburbb-bbox44 dataset, num samples 8448
[2025-09-12 14:55:53,769][core.datasets.dataset_train][INFO] - Loaded closeup-suburbc-bbox44 dataset, num samples 8801
[2025-09-12 14:55:53,806][core.datasets.dataset_train][INFO] - Loaded closeup-suburbd-bbox44 dataset, num samples 8457
[2025-09-12 14:55:53,864][core.datasets.dataset_train][INFO] - Loaded closeup-gym-bbox44 dataset, num samples 17135
[2025-09-12 14:55:54,062][core.datasets.dataset_train][INFO] - Loaded zoom-gym-bbox44 dataset, num samples 72104
[2025-09-12 14:55:54,282][core.datasets.dataset_train][INFO] - Loaded static-gym-bbox44 dataset, num samples 83185
[2025-09-12 14:55:54,360][core.datasets.dataset_train][INFO] - Loaded static-office-bbox44 dataset, num samples 21991
[2025-09-12 14:55:54,430][core.datasets.dataset_train][INFO] - Loaded orbit-office-bbox44 dataset, num samples 21852
[2025-09-12 14:55:55,049][core.datasets.dataset_train][INFO] - Loaded static-hdri-zoomed-bbox44 dataset, num samples 86660
[2025-09-12 14:55:55,147][core.datasets.dataset_train][INFO] - Loaded pitchup-stadium-bbox44 dataset, num samples 36325
[2025-09-12 14:55:55,248][core.datasets.dataset_train][INFO] - Loaded pitchdown-stadium-bbox44 dataset, num samples 36889
[2025-09-12 14:55:55,317][core.datasets.dataset_train][INFO] - Loaded static-hdri-bmi-bbox44 dataset, num samples 22749
[2025-09-12 14:55:55,353][core.datasets.dataset_train][INFO] - Loaded closeup-suburbb-bmi-bbox44 dataset, num samples 8769
[2025-09-12 14:55:55,395][core.datasets.dataset_train][INFO] - Loaded closeup-suburbc-bmi-bbox44 dataset, num samples 8245
[2025-09-12 14:55:55,764][core.datasets.dataset_train][INFO] - Loaded static-suburbd-bmi-bbox44 dataset, num samples 150860
[2025-09-12 14:55:55,856][core.datasets.dataset_train][INFO] - Loaded zoom-gym-bmi-bbox44 dataset, num samples 31019
[2025-09-12 14:55:55,924][core.datasets.dataset_train][INFO] - Loaded static-office-hair-bbox44 dataset, num samples 21731
[2025-09-12 14:55:56,005][core.datasets.dataset_train][INFO] - Loaded zoom-suburbd-hair-bbox44 dataset, num samples 23017
[2025-09-12 14:55:56,070][core.datasets.dataset_train][INFO] - Loaded static-gym-hair-bbox44 dataset, num samples 17553
[2025-09-12 14:55:56,148][core.datasets.dataset_train][INFO] - Loaded orbit-archviz-15-bbox44 dataset, num samples 22305
[2025-09-12 14:55:56,225][core.datasets.dataset_train][INFO] - Loaded orbit-archviz-19-bbox44 dataset, num samples 22623
[2025-09-12 14:55:56,306][core.datasets.dataset_train][INFO] - Loaded orbit-archviz-12-bbox44 dataset, num samples 22569
[2025-09-12 14:55:56,376][core.datasets.dataset_train][INFO] - Loaded orbit-archviz-10-bbox44 dataset, num samples 21825
[2025-09-12 14:56:04,822][core.datasets.dataset_val][INFO] - Loaded zoom-suburbd-bbox44 dataset, num samples 77526
[2025-09-12 14:58:46,530][core.utils.misc][ERROR] - 
Traceback (most recent call last):
  File "/picassox/vepfs-mtlab-train-base-new/human-body/weichen.zhang/CameraHMR/core/utils/misc.py", line 39, in wrap
    ret = task_func(cfg=cfg)
  File "/picassox/vepfs-mtlab-train-base-new/human-body/weichen.zhang/CameraHMR/train.py", line 99, in train
    trainer.fit(model, datamodule=datamodule, ckpt_path='last')
  File "/picassox/vepfs-mtlab-train-base-new/human-body/dry/envs/video_tryon/lib/python3.10/site-packages/pytorch_lightning/trainer/trainer.py", line 561, in fit
    call._call_and_handle_interrupt(
  File "/picassox/vepfs-mtlab-train-base-new/human-body/dry/envs/video_tryon/lib/python3.10/site-packages/pytorch_lightning/trainer/call.py", line 48, in _call_and_handle_interrupt
    return trainer.strategy.launcher.launch(trainer_fn, *args, trainer=trainer, **kwargs)
  File "/picassox/vepfs-mtlab-train-base-new/human-body/dry/envs/video_tryon/lib/python3.10/site-packages/pytorch_lightning/strategies/launchers/subprocess_script.py", line 105, in launch
    return function(*args, **kwargs)
  File "/picassox/vepfs-mtlab-train-base-new/human-body/dry/envs/video_tryon/lib/python3.10/site-packages/pytorch_lightning/trainer/trainer.py", line 599, in _fit_impl
    self._run(model, ckpt_path=ckpt_path)
  File "/picassox/vepfs-mtlab-train-base-new/human-body/dry/envs/video_tryon/lib/python3.10/site-packages/pytorch_lightning/trainer/trainer.py", line 1012, in _run
    results = self._run_stage()
  File "/picassox/vepfs-mtlab-train-base-new/human-body/dry/envs/video_tryon/lib/python3.10/site-packages/pytorch_lightning/trainer/trainer.py", line 1056, in _run_stage
    self.fit_loop.run()
  File "/picassox/vepfs-mtlab-train-base-new/human-body/dry/envs/video_tryon/lib/python3.10/site-packages/pytorch_lightning/loops/fit_loop.py", line 216, in run
    self.advance()
  File "/picassox/vepfs-mtlab-train-base-new/human-body/dry/envs/video_tryon/lib/python3.10/site-packages/pytorch_lightning/loops/fit_loop.py", line 455, in advance
    self.epoch_loop.run(self._data_fetcher)
  File "/picassox/vepfs-mtlab-train-base-new/human-body/dry/envs/video_tryon/lib/python3.10/site-packages/pytorch_lightning/loops/training_epoch_loop.py", line 152, in run
    self.advance(data_fetcher)
  File "/picassox/vepfs-mtlab-train-base-new/human-body/dry/envs/video_tryon/lib/python3.10/site-packages/pytorch_lightning/loops/training_epoch_loop.py", line 310, in advance
    batch, _, __ = next(data_fetcher)
  File "/picassox/vepfs-mtlab-train-base-new/human-body/dry/envs/video_tryon/lib/python3.10/site-packages/pytorch_lightning/loops/fetchers.py", line 134, in __next__
    batch = super().__next__()
  File "/picassox/vepfs-mtlab-train-base-new/human-body/dry/envs/video_tryon/lib/python3.10/site-packages/pytorch_lightning/loops/fetchers.py", line 61, in __next__
    batch = next(self.iterator)
  File "/picassox/vepfs-mtlab-train-base-new/human-body/dry/envs/video_tryon/lib/python3.10/site-packages/pytorch_lightning/utilities/combined_loader.py", line 341, in __next__
    out = next(self._iterator)
  File "/picassox/vepfs-mtlab-train-base-new/human-body/dry/envs/video_tryon/lib/python3.10/site-packages/pytorch_lightning/utilities/combined_loader.py", line 78, in __next__
    out[i] = next(self.iterators[i])
  File "/picassox/vepfs-mtlab-train-base-new/human-body/dry/envs/video_tryon/lib/python3.10/site-packages/torch/utils/data/dataloader.py", line 708, in __next__
    data = self._next_data()
  File "/picassox/vepfs-mtlab-train-base-new/human-body/dry/envs/video_tryon/lib/python3.10/site-packages/torch/utils/data/dataloader.py", line 1480, in _next_data
    return self._process_data(data)
  File "/picassox/vepfs-mtlab-train-base-new/human-body/dry/envs/video_tryon/lib/python3.10/site-packages/torch/utils/data/dataloader.py", line 1505, in _process_data
    data.reraise()
  File "/picassox/vepfs-mtlab-train-base-new/human-body/dry/envs/video_tryon/lib/python3.10/site-packages/torch/_utils.py", line 733, in reraise
    raise exception
TypeError: Caught TypeError in DataLoader worker process 0.
Original Traceback (most recent call last):
  File "/picassox/vepfs-mtlab-train-base-new/human-body/dry/envs/video_tryon/lib/python3.10/site-packages/torch/utils/data/_utils/worker.py", line 349, in _worker_loop
    data = fetcher.fetch(index)  # type: ignore[possibly-undefined]
  File "/picassox/vepfs-mtlab-train-base-new/human-body/dry/envs/video_tryon/lib/python3.10/site-packages/torch/utils/data/_utils/fetch.py", line 52, in fetch
    data = [self.dataset[idx] for idx in possibly_batched_index]
  File "/picassox/vepfs-mtlab-train-base-new/human-body/dry/envs/video_tryon/lib/python3.10/site-packages/torch/utils/data/_utils/fetch.py", line 52, in <listcomp>
    data = [self.dataset[idx] for idx in possibly_batched_index]
  File "/picassox/vepfs-mtlab-train-base-new/human-body/dry/envs/video_tryon/lib/python3.10/site-packages/torch/utils/data/dataset.py", line 350, in __getitem__
    return self.datasets[dataset_idx][sample_idx]
  File "/picassox/vepfs-mtlab-train-base-new/human-body/weichen.zhang/CameraHMR/core/datasets/dataset_train.py", line 81, in __getitem__
    cv_img = cv_img[:, :, ::-1]
TypeError: 'NoneType' object is not subscriptable

[2025-09-12 14:58:46,539][core.utils.misc][INFO] - Closing loggers...
[2025-09-12 15:37:00,751][__main__][INFO] - Logging hyperparameters!
[2025-09-12 15:37:02,004][core.datasets.dataset_train][INFO] - Loaded agora-body-bbox44 dataset, num samples 82265
[2025-09-12 15:37:02,259][core.datasets.dataset_train][INFO] - Loaded static-hdri-bbox44 dataset, num samples 89741
[2025-09-12 15:37:02,479][core.datasets.dataset_train][INFO] - Loaded zoom-suburbd-bbox44 dataset, num samples 77526
[2025-09-12 15:37:02,517][core.datasets.dataset_train][INFO] - Loaded closeup-suburba-bbox44 dataset, num samples 8959
[2025-09-12 15:37:02,564][core.datasets.dataset_train][INFO] - Loaded closeup-suburbb-bbox44 dataset, num samples 8448
[2025-09-12 15:37:02,606][core.datasets.dataset_train][INFO] - Loaded closeup-suburbc-bbox44 dataset, num samples 8801
[2025-09-12 15:37:02,652][core.datasets.dataset_train][INFO] - Loaded closeup-suburbd-bbox44 dataset, num samples 8457
[2025-09-12 15:37:02,721][core.datasets.dataset_train][INFO] - Loaded closeup-gym-bbox44 dataset, num samples 17135
[2025-09-12 15:37:02,918][core.datasets.dataset_train][INFO] - Loaded zoom-gym-bbox44 dataset, num samples 72104
[2025-09-12 15:37:03,155][core.datasets.dataset_train][INFO] - Loaded static-gym-bbox44 dataset, num samples 83185
[2025-09-12 15:37:03,230][core.datasets.dataset_train][INFO] - Loaded static-office-bbox44 dataset, num samples 21991
[2025-09-12 15:37:03,300][core.datasets.dataset_train][INFO] - Loaded orbit-office-bbox44 dataset, num samples 21852
[2025-09-12 15:37:03,545][core.datasets.dataset_train][INFO] - Loaded static-hdri-zoomed-bbox44 dataset, num samples 86660
[2025-09-12 15:37:03,658][core.datasets.dataset_train][INFO] - Loaded pitchup-stadium-bbox44 dataset, num samples 36325
[2025-09-12 15:37:03,768][core.datasets.dataset_train][INFO] - Loaded pitchdown-stadium-bbox44 dataset, num samples 36889
[2025-09-12 15:37:03,841][core.datasets.dataset_train][INFO] - Loaded static-hdri-bmi-bbox44 dataset, num samples 22749
[2025-09-12 15:37:03,881][core.datasets.dataset_train][INFO] - Loaded closeup-suburbb-bmi-bbox44 dataset, num samples 8769
[2025-09-12 15:37:03,925][core.datasets.dataset_train][INFO] - Loaded closeup-suburbc-bmi-bbox44 dataset, num samples 8245
[2025-09-12 15:37:04,321][core.datasets.dataset_train][INFO] - Loaded static-suburbd-bmi-bbox44 dataset, num samples 150860
[2025-09-12 15:37:04,432][core.datasets.dataset_train][INFO] - Loaded zoom-gym-bmi-bbox44 dataset, num samples 31019
[2025-09-12 15:37:04,500][core.datasets.dataset_train][INFO] - Loaded static-office-hair-bbox44 dataset, num samples 21731
[2025-09-12 15:37:04,580][core.datasets.dataset_train][INFO] - Loaded zoom-suburbd-hair-bbox44 dataset, num samples 23017
[2025-09-12 15:37:04,646][core.datasets.dataset_train][INFO] - Loaded static-gym-hair-bbox44 dataset, num samples 17553
[2025-09-12 15:37:04,723][core.datasets.dataset_train][INFO] - Loaded orbit-archviz-15-bbox44 dataset, num samples 22305
[2025-09-12 15:37:04,796][core.datasets.dataset_train][INFO] - Loaded orbit-archviz-19-bbox44 dataset, num samples 22623
[2025-09-12 15:37:04,876][core.datasets.dataset_train][INFO] - Loaded orbit-archviz-12-bbox44 dataset, num samples 22569
[2025-09-12 15:37:04,951][core.datasets.dataset_train][INFO] - Loaded orbit-archviz-10-bbox44 dataset, num samples 21825
[2025-09-12 15:37:12,912][core.datasets.dataset_val][INFO] - Loaded zoom-suburbd-bbox44 dataset, num samples 77526
[2025-09-12 15:39:12,981][core.utils.misc][ERROR] - 
Traceback (most recent call last):
  File "/picassox/vepfs-mtlab-train-base-new/human-body/weichen.zhang/CameraHMR/core/utils/misc.py", line 39, in wrap
    ret = task_func(cfg=cfg)
  File "/picassox/vepfs-mtlab-train-base-new/human-body/weichen.zhang/CameraHMR/train.py", line 99, in train
    trainer.fit(model, datamodule=datamodule, ckpt_path='last')
  File "/picassox/vepfs-mtlab-train-base-new/human-body/dry/envs/video_tryon/lib/python3.10/site-packages/pytorch_lightning/trainer/trainer.py", line 561, in fit
    call._call_and_handle_interrupt(
  File "/picassox/vepfs-mtlab-train-base-new/human-body/dry/envs/video_tryon/lib/python3.10/site-packages/pytorch_lightning/trainer/call.py", line 48, in _call_and_handle_interrupt
    return trainer.strategy.launcher.launch(trainer_fn, *args, trainer=trainer, **kwargs)
  File "/picassox/vepfs-mtlab-train-base-new/human-body/dry/envs/video_tryon/lib/python3.10/site-packages/pytorch_lightning/strategies/launchers/subprocess_script.py", line 105, in launch
    return function(*args, **kwargs)
  File "/picassox/vepfs-mtlab-train-base-new/human-body/dry/envs/video_tryon/lib/python3.10/site-packages/pytorch_lightning/trainer/trainer.py", line 599, in _fit_impl
    self._run(model, ckpt_path=ckpt_path)
  File "/picassox/vepfs-mtlab-train-base-new/human-body/dry/envs/video_tryon/lib/python3.10/site-packages/pytorch_lightning/trainer/trainer.py", line 1012, in _run
    results = self._run_stage()
  File "/picassox/vepfs-mtlab-train-base-new/human-body/dry/envs/video_tryon/lib/python3.10/site-packages/pytorch_lightning/trainer/trainer.py", line 1056, in _run_stage
    self.fit_loop.run()
  File "/picassox/vepfs-mtlab-train-base-new/human-body/dry/envs/video_tryon/lib/python3.10/site-packages/pytorch_lightning/loops/fit_loop.py", line 216, in run
    self.advance()
  File "/picassox/vepfs-mtlab-train-base-new/human-body/dry/envs/video_tryon/lib/python3.10/site-packages/pytorch_lightning/loops/fit_loop.py", line 455, in advance
    self.epoch_loop.run(self._data_fetcher)
  File "/picassox/vepfs-mtlab-train-base-new/human-body/dry/envs/video_tryon/lib/python3.10/site-packages/pytorch_lightning/loops/training_epoch_loop.py", line 152, in run
    self.advance(data_fetcher)
  File "/picassox/vepfs-mtlab-train-base-new/human-body/dry/envs/video_tryon/lib/python3.10/site-packages/pytorch_lightning/loops/training_epoch_loop.py", line 310, in advance
    batch, _, __ = next(data_fetcher)
  File "/picassox/vepfs-mtlab-train-base-new/human-body/dry/envs/video_tryon/lib/python3.10/site-packages/pytorch_lightning/loops/fetchers.py", line 134, in __next__
    batch = super().__next__()
  File "/picassox/vepfs-mtlab-train-base-new/human-body/dry/envs/video_tryon/lib/python3.10/site-packages/pytorch_lightning/loops/fetchers.py", line 61, in __next__
    batch = next(self.iterator)
  File "/picassox/vepfs-mtlab-train-base-new/human-body/dry/envs/video_tryon/lib/python3.10/site-packages/pytorch_lightning/utilities/combined_loader.py", line 341, in __next__
    out = next(self._iterator)
  File "/picassox/vepfs-mtlab-train-base-new/human-body/dry/envs/video_tryon/lib/python3.10/site-packages/pytorch_lightning/utilities/combined_loader.py", line 78, in __next__
    out[i] = next(self.iterators[i])
  File "/picassox/vepfs-mtlab-train-base-new/human-body/dry/envs/video_tryon/lib/python3.10/site-packages/torch/utils/data/dataloader.py", line 708, in __next__
    data = self._next_data()
  File "/picassox/vepfs-mtlab-train-base-new/human-body/dry/envs/video_tryon/lib/python3.10/site-packages/torch/utils/data/dataloader.py", line 1480, in _next_data
    return self._process_data(data)
  File "/picassox/vepfs-mtlab-train-base-new/human-body/dry/envs/video_tryon/lib/python3.10/site-packages/torch/utils/data/dataloader.py", line 1505, in _process_data
    data.reraise()
  File "/picassox/vepfs-mtlab-train-base-new/human-body/dry/envs/video_tryon/lib/python3.10/site-packages/torch/_utils.py", line 733, in reraise
    raise exception
TypeError: Caught TypeError in DataLoader worker process 0.
Original Traceback (most recent call last):
  File "/picassox/vepfs-mtlab-train-base-new/human-body/dry/envs/video_tryon/lib/python3.10/site-packages/torch/utils/data/_utils/worker.py", line 349, in _worker_loop
    data = fetcher.fetch(index)  # type: ignore[possibly-undefined]
  File "/picassox/vepfs-mtlab-train-base-new/human-body/dry/envs/video_tryon/lib/python3.10/site-packages/torch/utils/data/_utils/fetch.py", line 52, in fetch
    data = [self.dataset[idx] for idx in possibly_batched_index]
  File "/picassox/vepfs-mtlab-train-base-new/human-body/dry/envs/video_tryon/lib/python3.10/site-packages/torch/utils/data/_utils/fetch.py", line 52, in <listcomp>
    data = [self.dataset[idx] for idx in possibly_batched_index]
  File "/picassox/vepfs-mtlab-train-base-new/human-body/dry/envs/video_tryon/lib/python3.10/site-packages/torch/utils/data/dataset.py", line 350, in __getitem__
    return self.datasets[dataset_idx][sample_idx]
  File "/picassox/vepfs-mtlab-train-base-new/human-body/weichen.zhang/CameraHMR/core/datasets/dataset_train.py", line 81, in __getitem__
    cv_img = cv_img[:, :, ::-1]
TypeError: 'NoneType' object is not subscriptable

[2025-09-12 15:39:12,991][core.utils.misc][INFO] - Closing loggers...
[2025-09-15 10:09:03,032][__main__][INFO] - Logging hyperparameters!
[2025-09-15 10:09:08,860][core.datasets.dataset_train][INFO] - Loaded agora-body-bbox44 dataset, num samples 82265
[2025-09-15 10:09:09,100][core.datasets.dataset_train][INFO] - Loaded static-hdri-bbox44 dataset, num samples 89741
[2025-09-15 10:09:09,311][core.datasets.dataset_train][INFO] - Loaded zoom-suburbd-bbox44 dataset, num samples 77526
[2025-09-15 10:09:09,355][core.datasets.dataset_train][INFO] - Loaded closeup-suburba-bbox44 dataset, num samples 8959
[2025-09-15 10:09:09,399][core.datasets.dataset_train][INFO] - Loaded closeup-suburbb-bbox44 dataset, num samples 8448
[2025-09-15 10:09:09,436][core.datasets.dataset_train][INFO] - Loaded closeup-suburbc-bbox44 dataset, num samples 8801
[2025-09-15 10:09:09,475][core.datasets.dataset_train][INFO] - Loaded closeup-suburbd-bbox44 dataset, num samples 8457
[2025-09-15 10:09:09,539][core.datasets.dataset_train][INFO] - Loaded closeup-gym-bbox44 dataset, num samples 17135
[2025-09-15 10:09:09,761][core.datasets.dataset_train][INFO] - Loaded zoom-gym-bbox44 dataset, num samples 72104
[2025-09-15 10:09:09,985][core.datasets.dataset_train][INFO] - Loaded static-gym-bbox44 dataset, num samples 83185
[2025-09-15 10:09:10,065][core.datasets.dataset_train][INFO] - Loaded static-office-bbox44 dataset, num samples 21991
[2025-09-15 10:09:10,135][core.datasets.dataset_train][INFO] - Loaded orbit-office-bbox44 dataset, num samples 21852
[2025-09-15 10:09:10,360][core.datasets.dataset_train][INFO] - Loaded static-hdri-zoomed-bbox44 dataset, num samples 86660
[2025-09-15 10:09:10,460][core.datasets.dataset_train][INFO] - Loaded pitchup-stadium-bbox44 dataset, num samples 36325
[2025-09-15 10:09:10,559][core.datasets.dataset_train][INFO] - Loaded pitchdown-stadium-bbox44 dataset, num samples 36889
[2025-09-15 10:09:10,632][core.datasets.dataset_train][INFO] - Loaded static-hdri-bmi-bbox44 dataset, num samples 22749
[2025-09-15 10:09:10,670][core.datasets.dataset_train][INFO] - Loaded closeup-suburbb-bmi-bbox44 dataset, num samples 8769
[2025-09-15 10:09:10,710][core.datasets.dataset_train][INFO] - Loaded closeup-suburbc-bmi-bbox44 dataset, num samples 8245
[2025-09-15 10:09:11,074][core.datasets.dataset_train][INFO] - Loaded static-suburbd-bmi-bbox44 dataset, num samples 150860
[2025-09-15 10:09:11,189][core.datasets.dataset_train][INFO] - Loaded zoom-gym-bmi-bbox44 dataset, num samples 31019
[2025-09-15 10:09:11,256][core.datasets.dataset_train][INFO] - Loaded static-office-hair-bbox44 dataset, num samples 21731
[2025-09-15 10:09:11,326][core.datasets.dataset_train][INFO] - Loaded zoom-suburbd-hair-bbox44 dataset, num samples 23017
[2025-09-15 10:09:11,386][core.datasets.dataset_train][INFO] - Loaded static-gym-hair-bbox44 dataset, num samples 17553
[2025-09-15 10:09:11,456][core.datasets.dataset_train][INFO] - Loaded orbit-archviz-15-bbox44 dataset, num samples 22305
[2025-09-15 10:09:11,547][core.datasets.dataset_train][INFO] - Loaded orbit-archviz-19-bbox44 dataset, num samples 22623
[2025-09-15 10:09:11,617][core.datasets.dataset_train][INFO] - Loaded orbit-archviz-12-bbox44 dataset, num samples 22569
[2025-09-15 10:09:11,678][core.datasets.dataset_train][INFO] - Loaded orbit-archviz-10-bbox44 dataset, num samples 21825
[2025-09-15 10:09:18,862][core.datasets.dataset_val][INFO] - Loaded zoom-suburbd-bbox44 dataset, num samples 77526
[2025-09-15 10:35:21,632][core.utils.misc][ERROR] - 
Traceback (most recent call last):
  File "/picassox/vepfs-mtlab-train-base-new/human-body/dry/envs/video_tryon/lib/python3.10/site-packages/torch/utils/data/dataloader.py", line 1251, in _try_get_data
    data = self._data_queue.get(timeout=timeout)
  File "/picassox/vepfs-mtlab-train-base-new/human-body/dry/envs/video_tryon/lib/python3.10/multiprocessing/queues.py", line 113, in get
    if not self._poll(timeout):
  File "/picassox/vepfs-mtlab-train-base-new/human-body/dry/envs/video_tryon/lib/python3.10/multiprocessing/connection.py", line 257, in poll
    return self._poll(timeout)
  File "/picassox/vepfs-mtlab-train-base-new/human-body/dry/envs/video_tryon/lib/python3.10/multiprocessing/connection.py", line 424, in _poll
    r = wait([self], timeout)
  File "/picassox/vepfs-mtlab-train-base-new/human-body/dry/envs/video_tryon/lib/python3.10/multiprocessing/connection.py", line 931, in wait
    ready = selector.select(timeout)
  File "/picassox/vepfs-mtlab-train-base-new/human-body/dry/envs/video_tryon/lib/python3.10/selectors.py", line 416, in select
    fd_event_list = self._selector.poll(timeout)
  File "/picassox/vepfs-mtlab-train-base-new/human-body/dry/envs/video_tryon/lib/python3.10/site-packages/torch/utils/data/_utils/signal_handling.py", line 73, in handler
    _error_if_any_worker_fails()
RuntimeError: DataLoader worker (pid 3915578) is killed by signal: Terminated. 

The above exception was the direct cause of the following exception:

Traceback (most recent call last):
  File "/picassox/vepfs-mtlab-train-base-new/human-body/dry/envs/video_tryon/lib/python3.10/site-packages/pytorch_lightning/trainer/call.py", line 48, in _call_and_handle_interrupt
    return trainer.strategy.launcher.launch(trainer_fn, *args, trainer=trainer, **kwargs)
  File "/picassox/vepfs-mtlab-train-base-new/human-body/dry/envs/video_tryon/lib/python3.10/site-packages/pytorch_lightning/strategies/launchers/subprocess_script.py", line 105, in launch
    return function(*args, **kwargs)
  File "/picassox/vepfs-mtlab-train-base-new/human-body/dry/envs/video_tryon/lib/python3.10/site-packages/pytorch_lightning/trainer/trainer.py", line 599, in _fit_impl
    self._run(model, ckpt_path=ckpt_path)
  File "/picassox/vepfs-mtlab-train-base-new/human-body/dry/envs/video_tryon/lib/python3.10/site-packages/pytorch_lightning/trainer/trainer.py", line 1012, in _run
    results = self._run_stage()
  File "/picassox/vepfs-mtlab-train-base-new/human-body/dry/envs/video_tryon/lib/python3.10/site-packages/pytorch_lightning/trainer/trainer.py", line 1056, in _run_stage
    self.fit_loop.run()
  File "/picassox/vepfs-mtlab-train-base-new/human-body/dry/envs/video_tryon/lib/python3.10/site-packages/pytorch_lightning/loops/fit_loop.py", line 216, in run
    self.advance()
  File "/picassox/vepfs-mtlab-train-base-new/human-body/dry/envs/video_tryon/lib/python3.10/site-packages/pytorch_lightning/loops/fit_loop.py", line 455, in advance
    self.epoch_loop.run(self._data_fetcher)
  File "/picassox/vepfs-mtlab-train-base-new/human-body/dry/envs/video_tryon/lib/python3.10/site-packages/pytorch_lightning/loops/training_epoch_loop.py", line 152, in run
    self.advance(data_fetcher)
  File "/picassox/vepfs-mtlab-train-base-new/human-body/dry/envs/video_tryon/lib/python3.10/site-packages/pytorch_lightning/loops/training_epoch_loop.py", line 310, in advance
    batch, _, __ = next(data_fetcher)
  File "/picassox/vepfs-mtlab-train-base-new/human-body/dry/envs/video_tryon/lib/python3.10/site-packages/pytorch_lightning/loops/fetchers.py", line 134, in __next__
    batch = super().__next__()
  File "/picassox/vepfs-mtlab-train-base-new/human-body/dry/envs/video_tryon/lib/python3.10/site-packages/pytorch_lightning/loops/fetchers.py", line 61, in __next__
    batch = next(self.iterator)
  File "/picassox/vepfs-mtlab-train-base-new/human-body/dry/envs/video_tryon/lib/python3.10/site-packages/pytorch_lightning/utilities/combined_loader.py", line 341, in __next__
    out = next(self._iterator)
  File "/picassox/vepfs-mtlab-train-base-new/human-body/dry/envs/video_tryon/lib/python3.10/site-packages/pytorch_lightning/utilities/combined_loader.py", line 78, in __next__
    out[i] = next(self.iterators[i])
  File "/picassox/vepfs-mtlab-train-base-new/human-body/dry/envs/video_tryon/lib/python3.10/site-packages/torch/utils/data/dataloader.py", line 708, in __next__
    data = self._next_data()
  File "/picassox/vepfs-mtlab-train-base-new/human-body/dry/envs/video_tryon/lib/python3.10/site-packages/torch/utils/data/dataloader.py", line 1458, in _next_data
    idx, data = self._get_data()
  File "/picassox/vepfs-mtlab-train-base-new/human-body/dry/envs/video_tryon/lib/python3.10/site-packages/torch/utils/data/dataloader.py", line 1420, in _get_data
    success, data = self._try_get_data()
  File "/picassox/vepfs-mtlab-train-base-new/human-body/dry/envs/video_tryon/lib/python3.10/site-packages/torch/utils/data/dataloader.py", line 1264, in _try_get_data
    raise RuntimeError(
RuntimeError: DataLoader worker (pid(s) 3915578, 3915584) exited unexpectedly

During handling of the above exception, another exception occurred:

Traceback (most recent call last):
  File "/picassox/vepfs-mtlab-train-base-new/human-body/dry/envs/video_tryon/lib/python3.10/logging/__init__.py", line 1732, in isEnabledFor
    return self._cache[level]
KeyError: 10

During handling of the above exception, another exception occurred:

Traceback (most recent call last):
  File "/picassox/vepfs-mtlab-train-base-new/human-body/weichen.zhang/CameraHMR/core/utils/misc.py", line 39, in wrap
    ret = task_func(cfg=cfg)
  File "/picassox/vepfs-mtlab-train-base-new/human-body/weichen.zhang/CameraHMR/train.py", line 99, in train
    trainer.fit(model, datamodule=datamodule, ckpt_path='last')
  File "/picassox/vepfs-mtlab-train-base-new/human-body/dry/envs/video_tryon/lib/python3.10/site-packages/pytorch_lightning/trainer/trainer.py", line 561, in fit
    call._call_and_handle_interrupt(
  File "/picassox/vepfs-mtlab-train-base-new/human-body/dry/envs/video_tryon/lib/python3.10/site-packages/pytorch_lightning/trainer/call.py", line 70, in _call_and_handle_interrupt
    trainer._teardown()
  File "/picassox/vepfs-mtlab-train-base-new/human-body/dry/envs/video_tryon/lib/python3.10/site-packages/pytorch_lightning/trainer/trainer.py", line 1035, in _teardown
    self.strategy.teardown()
  File "/picassox/vepfs-mtlab-train-base-new/human-body/dry/envs/video_tryon/lib/python3.10/site-packages/pytorch_lightning/strategies/ddp.py", line 419, in teardown
    super().teardown()
  File "/picassox/vepfs-mtlab-train-base-new/human-body/dry/envs/video_tryon/lib/python3.10/site-packages/pytorch_lightning/strategies/parallel.py", line 134, in teardown
    super().teardown()
  File "/picassox/vepfs-mtlab-train-base-new/human-body/dry/envs/video_tryon/lib/python3.10/site-packages/pytorch_lightning/strategies/strategy.py", line 535, in teardown
    log.debug(f"{self.__class__.__name__}: moving model to CPU")
  File "/picassox/vepfs-mtlab-train-base-new/human-body/dry/envs/video_tryon/lib/python3.10/logging/__init__.py", line 1464, in debug
    if self.isEnabledFor(DEBUG):
  File "/picassox/vepfs-mtlab-train-base-new/human-body/dry/envs/video_tryon/lib/python3.10/logging/__init__.py", line 1734, in isEnabledFor
    _acquireLock()
  File "/picassox/vepfs-mtlab-train-base-new/human-body/dry/envs/video_tryon/lib/python3.10/logging/__init__.py", line 219, in _acquireLock
    def _acquireLock():
  File "/root/.cursor-server/extensions/ms-python.debugpy-2025.10.0-linux-x64/bundled/libs/debugpy/_vendored/pydevd/_pydevd_bundle/pydevd_trace_dispatch_regular.py", line 354, in __call__
    def __call__(self, frame, event, arg):
  File "/picassox/vepfs-mtlab-train-base-new/human-body/dry/envs/video_tryon/lib/python3.10/site-packages/torch/utils/data/_utils/signal_handling.py", line 73, in handler
    _error_if_any_worker_fails()
RuntimeError: DataLoader worker (pid 3902400) is killed by signal: Terminated. 
[2025-09-15 10:35:21,655][core.utils.misc][INFO] - Closing loggers...
[2025-09-15 10:35:57,776][__main__][INFO] - Logging hyperparameters!
[2025-09-15 10:37:33,419][__main__][INFO] - Logging hyperparameters!
[2025-09-15 10:37:34,193][core.datasets.dataset_train][INFO] - Loaded emdb-smpl dataset, num samples 24117
[2025-09-15 10:37:41,439][core.datasets.dataset_val][INFO] - Loaded emdb-smpl dataset, num samples 24117
[2025-09-15 12:04:16,115][__main__][INFO] - Logging hyperparameters!
[2025-09-15 12:04:18,213][core.datasets.dataset_train][INFO] - Loaded emdb-smpl dataset, num samples 24117
[2025-09-15 12:04:25,198][core.datasets.dataset_val][INFO] - Loaded emdb-smpl dataset, num samples 24117
[2025-09-15 12:10:16,675][__main__][INFO] - Logging hyperparameters!
[2025-09-15 12:10:17,664][core.datasets.dataset_train][INFO] - Loaded emdb-smpl dataset, num samples 24117
[2025-09-15 12:10:24,765][core.datasets.dataset_val][INFO] - Loaded emdb-smpl dataset, num samples 24117
[2025-09-15 14:48:14,368][__main__][INFO] - Logging hyperparameters!
[2025-09-15 14:48:16,126][core.datasets.dataset_train][INFO] - Loaded agora-body-bbox44 dataset, num samples 82265
[2025-09-15 14:48:16,395][core.datasets.dataset_train][INFO] - Loaded static-hdri-bbox44 dataset, num samples 89741
[2025-09-15 14:48:16,601][core.datasets.dataset_train][INFO] - Loaded zoom-suburbd-bbox44 dataset, num samples 77526
[2025-09-15 14:48:16,644][core.datasets.dataset_train][INFO] - Loaded closeup-suburba-bbox44 dataset, num samples 8959
[2025-09-15 14:48:16,683][core.datasets.dataset_train][INFO] - Loaded closeup-suburbb-bbox44 dataset, num samples 8448
[2025-09-15 14:48:16,733][core.datasets.dataset_train][INFO] - Loaded closeup-suburbc-bbox44 dataset, num samples 8801
[2025-09-15 14:48:16,772][core.datasets.dataset_train][INFO] - Loaded closeup-suburbd-bbox44 dataset, num samples 8457
[2025-09-15 14:48:16,829][core.datasets.dataset_train][INFO] - Loaded closeup-gym-bbox44 dataset, num samples 17135
[2025-09-15 14:48:17,031][core.datasets.dataset_train][INFO] - Loaded zoom-gym-bbox44 dataset, num samples 72104
[2025-09-15 14:48:17,286][core.datasets.dataset_train][INFO] - Loaded static-gym-bbox44 dataset, num samples 83185
[2025-09-15 14:48:17,354][core.datasets.dataset_train][INFO] - Loaded static-office-bbox44 dataset, num samples 21991
[2025-09-15 14:48:17,427][core.datasets.dataset_train][INFO] - Loaded orbit-office-bbox44 dataset, num samples 21852
[2025-09-15 14:48:17,676][core.datasets.dataset_train][INFO] - Loaded static-hdri-zoomed-bbox44 dataset, num samples 86660
[2025-09-15 14:48:17,774][core.datasets.dataset_train][INFO] - Loaded pitchup-stadium-bbox44 dataset, num samples 36325
[2025-09-15 14:48:17,877][core.datasets.dataset_train][INFO] - Loaded pitchdown-stadium-bbox44 dataset, num samples 36889
[2025-09-15 14:48:17,942][core.datasets.dataset_train][INFO] - Loaded static-hdri-bmi-bbox44 dataset, num samples 22749
[2025-09-15 14:48:17,983][core.datasets.dataset_train][INFO] - Loaded closeup-suburbb-bmi-bbox44 dataset, num samples 8769
[2025-09-15 14:48:18,021][core.datasets.dataset_train][INFO] - Loaded closeup-suburbc-bmi-bbox44 dataset, num samples 8245
[2025-09-15 14:48:18,374][core.datasets.dataset_train][INFO] - Loaded static-suburbd-bmi-bbox44 dataset, num samples 150860
[2025-09-15 14:48:18,466][core.datasets.dataset_train][INFO] - Loaded zoom-gym-bmi-bbox44 dataset, num samples 31019
[2025-09-15 14:48:18,526][core.datasets.dataset_train][INFO] - Loaded static-office-hair-bbox44 dataset, num samples 21731
[2025-09-15 14:48:18,597][core.datasets.dataset_train][INFO] - Loaded zoom-suburbd-hair-bbox44 dataset, num samples 23017
[2025-09-15 14:48:18,660][core.datasets.dataset_train][INFO] - Loaded static-gym-hair-bbox44 dataset, num samples 17553
[2025-09-15 14:48:18,745][core.datasets.dataset_train][INFO] - Loaded orbit-archviz-15-bbox44 dataset, num samples 22305
[2025-09-15 14:48:18,812][core.datasets.dataset_train][INFO] - Loaded orbit-archviz-19-bbox44 dataset, num samples 22623
[2025-09-15 14:48:18,881][core.datasets.dataset_train][INFO] - Loaded orbit-archviz-12-bbox44 dataset, num samples 22569
[2025-09-15 14:48:18,948][core.datasets.dataset_train][INFO] - Loaded orbit-archviz-10-bbox44 dataset, num samples 21825
[2025-09-15 14:48:25,959][core.datasets.dataset_val][INFO] - Loaded zoom-suburbd-bbox44 dataset, num samples 77526
[2025-09-15 14:49:55,107][core.utils.misc][ERROR] - 
Traceback (most recent call last):
  File "/picassox/vepfs-mtlab-train-base-new/human-body/dry/envs/video_tryon/lib/python3.10/site-packages/torch/utils/data/dataloader.py", line 1251, in _try_get_data
    data = self._data_queue.get(timeout=timeout)
  File "/picassox/vepfs-mtlab-train-base-new/human-body/dry/envs/video_tryon/lib/python3.10/multiprocessing/queues.py", line 113, in get
    if not self._poll(timeout):
  File "/picassox/vepfs-mtlab-train-base-new/human-body/dry/envs/video_tryon/lib/python3.10/multiprocessing/connection.py", line 257, in poll
    return self._poll(timeout)
  File "/picassox/vepfs-mtlab-train-base-new/human-body/dry/envs/video_tryon/lib/python3.10/multiprocessing/connection.py", line 424, in _poll
    r = wait([self], timeout)
  File "/picassox/vepfs-mtlab-train-base-new/human-body/dry/envs/video_tryon/lib/python3.10/multiprocessing/connection.py", line 931, in wait
    ready = selector.select(timeout)
  File "/picassox/vepfs-mtlab-train-base-new/human-body/dry/envs/video_tryon/lib/python3.10/selectors.py", line 416, in select
    fd_event_list = self._selector.poll(timeout)
  File "/picassox/vepfs-mtlab-train-base-new/human-body/dry/envs/video_tryon/lib/python3.10/site-packages/torch/utils/data/_utils/signal_handling.py", line 73, in handler
    _error_if_any_worker_fails()
RuntimeError: DataLoader worker (pid 4032604) is killed by signal: Terminated. 

The above exception was the direct cause of the following exception:

Traceback (most recent call last):
  File "/picassox/vepfs-mtlab-train-base-new/human-body/dry/envs/video_tryon/lib/python3.10/site-packages/pytorch_lightning/trainer/call.py", line 48, in _call_and_handle_interrupt
    return trainer.strategy.launcher.launch(trainer_fn, *args, trainer=trainer, **kwargs)
  File "/picassox/vepfs-mtlab-train-base-new/human-body/dry/envs/video_tryon/lib/python3.10/site-packages/pytorch_lightning/strategies/launchers/subprocess_script.py", line 105, in launch
    return function(*args, **kwargs)
  File "/picassox/vepfs-mtlab-train-base-new/human-body/dry/envs/video_tryon/lib/python3.10/site-packages/pytorch_lightning/trainer/trainer.py", line 599, in _fit_impl
    self._run(model, ckpt_path=ckpt_path)
  File "/picassox/vepfs-mtlab-train-base-new/human-body/dry/envs/video_tryon/lib/python3.10/site-packages/pytorch_lightning/trainer/trainer.py", line 1012, in _run
    results = self._run_stage()
  File "/picassox/vepfs-mtlab-train-base-new/human-body/dry/envs/video_tryon/lib/python3.10/site-packages/pytorch_lightning/trainer/trainer.py", line 1056, in _run_stage
    self.fit_loop.run()
  File "/picassox/vepfs-mtlab-train-base-new/human-body/dry/envs/video_tryon/lib/python3.10/site-packages/pytorch_lightning/loops/fit_loop.py", line 216, in run
    self.advance()
  File "/picassox/vepfs-mtlab-train-base-new/human-body/dry/envs/video_tryon/lib/python3.10/site-packages/pytorch_lightning/loops/fit_loop.py", line 455, in advance
    self.epoch_loop.run(self._data_fetcher)
  File "/picassox/vepfs-mtlab-train-base-new/human-body/dry/envs/video_tryon/lib/python3.10/site-packages/pytorch_lightning/loops/training_epoch_loop.py", line 152, in run
    self.advance(data_fetcher)
  File "/picassox/vepfs-mtlab-train-base-new/human-body/dry/envs/video_tryon/lib/python3.10/site-packages/pytorch_lightning/loops/training_epoch_loop.py", line 310, in advance
    batch, _, __ = next(data_fetcher)
  File "/picassox/vepfs-mtlab-train-base-new/human-body/dry/envs/video_tryon/lib/python3.10/site-packages/pytorch_lightning/loops/fetchers.py", line 134, in __next__
    batch = super().__next__()
  File "/picassox/vepfs-mtlab-train-base-new/human-body/dry/envs/video_tryon/lib/python3.10/site-packages/pytorch_lightning/loops/fetchers.py", line 61, in __next__
    batch = next(self.iterator)
  File "/picassox/vepfs-mtlab-train-base-new/human-body/dry/envs/video_tryon/lib/python3.10/site-packages/pytorch_lightning/utilities/combined_loader.py", line 341, in __next__
    out = next(self._iterator)
  File "/picassox/vepfs-mtlab-train-base-new/human-body/dry/envs/video_tryon/lib/python3.10/site-packages/pytorch_lightning/utilities/combined_loader.py", line 78, in __next__
    out[i] = next(self.iterators[i])
  File "/picassox/vepfs-mtlab-train-base-new/human-body/dry/envs/video_tryon/lib/python3.10/site-packages/torch/utils/data/dataloader.py", line 708, in __next__
    data = self._next_data()
  File "/picassox/vepfs-mtlab-train-base-new/human-body/dry/envs/video_tryon/lib/python3.10/site-packages/torch/utils/data/dataloader.py", line 1458, in _next_data
    idx, data = self._get_data()
  File "/picassox/vepfs-mtlab-train-base-new/human-body/dry/envs/video_tryon/lib/python3.10/site-packages/torch/utils/data/dataloader.py", line 1420, in _get_data
    success, data = self._try_get_data()
  File "/picassox/vepfs-mtlab-train-base-new/human-body/dry/envs/video_tryon/lib/python3.10/site-packages/torch/utils/data/dataloader.py", line 1264, in _try_get_data
    raise RuntimeError(
RuntimeError: DataLoader worker (pid(s) 4032604, 4032636) exited unexpectedly

During handling of the above exception, another exception occurred:

Traceback (most recent call last):
  File "/picassox/vepfs-mtlab-train-base-new/human-body/weichen.zhang/CameraHMR/core/utils/misc.py", line 39, in wrap
    ret = task_func(cfg=cfg)
  File "/picassox/vepfs-mtlab-train-base-new/human-body/weichen.zhang/CameraHMR/train.py", line 99, in train
    trainer.fit(model, datamodule=datamodule, ckpt_path='last')
  File "/picassox/vepfs-mtlab-train-base-new/human-body/dry/envs/video_tryon/lib/python3.10/site-packages/pytorch_lightning/trainer/trainer.py", line 561, in fit
    call._call_and_handle_interrupt(
  File "/picassox/vepfs-mtlab-train-base-new/human-body/dry/envs/video_tryon/lib/python3.10/site-packages/pytorch_lightning/trainer/call.py", line 70, in _call_and_handle_interrupt
    trainer._teardown()
  File "/picassox/vepfs-mtlab-train-base-new/human-body/dry/envs/video_tryon/lib/python3.10/site-packages/pytorch_lightning/trainer/trainer.py", line 1035, in _teardown
    self.strategy.teardown()
  File "/picassox/vepfs-mtlab-train-base-new/human-body/dry/envs/video_tryon/lib/python3.10/site-packages/pytorch_lightning/strategies/ddp.py", line 419, in teardown
    super().teardown()
  File "/picassox/vepfs-mtlab-train-base-new/human-body/dry/envs/video_tryon/lib/python3.10/site-packages/pytorch_lightning/strategies/parallel.py", line 134, in teardown
    super().teardown()
  File "/picassox/vepfs-mtlab-train-base-new/human-body/dry/envs/video_tryon/lib/python3.10/site-packages/pytorch_lightning/strategies/strategy.py", line 536, in teardown
    self.lightning_module.cpu()
  File "/picassox/vepfs-mtlab-train-base-new/human-body/dry/envs/video_tryon/lib/python3.10/site-packages/lightning_fabric/utilities/device_dtype_mixin.py", line 81, in cpu
    _update_properties(self, device=torch.device("cpu"))
  File "/picassox/vepfs-mtlab-train-base-new/human-body/dry/envs/video_tryon/lib/python3.10/site-packages/lightning_fabric/utilities/device_dtype_mixin.py", line 112, in _update_properties
    for module in root.modules():
  File "/picassox/vepfs-mtlab-train-base-new/human-body/dry/envs/video_tryon/lib/python3.10/site-packages/torch/nn/modules/module.py", line 2772, in modules
    for _, module in self.named_modules():
  File "/picassox/vepfs-mtlab-train-base-new/human-body/dry/envs/video_tryon/lib/python3.10/site-packages/torch/nn/modules/module.py", line 2820, in named_modules
    yield from module.named_modules(
  File "/picassox/vepfs-mtlab-train-base-new/human-body/dry/envs/video_tryon/lib/python3.10/site-packages/torch/nn/modules/module.py", line 2820, in named_modules
    yield from module.named_modules(
  File "/picassox/vepfs-mtlab-train-base-new/human-body/dry/envs/video_tryon/lib/python3.10/site-packages/torch/nn/modules/module.py", line 2820, in named_modules
    yield from module.named_modules(
  [Previous line repeated 4 more times]
  File "/root/.cursor-server/extensions/ms-python.debugpy-2025.10.0-linux-x64/bundled/libs/debugpy/_vendored/pydevd/_pydevd_bundle/pydevd_trace_dispatch_regular.py", line 354, in __call__
    def __call__(self, frame, event, arg):
  File "/picassox/vepfs-mtlab-train-base-new/human-body/dry/envs/video_tryon/lib/python3.10/site-packages/torch/utils/data/_utils/signal_handling.py", line 73, in handler
    _error_if_any_worker_fails()
RuntimeError: DataLoader worker (pid 4031781) is killed by signal: Terminated. 
[2025-09-15 14:49:55,124][core.utils.misc][INFO] - Closing loggers...
[2025-09-15 15:49:55,579][__main__][INFO] - Logging hyperparameters!
[2025-09-15 15:49:57,453][core.datasets.dataset_train][INFO] - Loaded agora-body-bbox44 dataset, num samples 82265
[2025-09-15 15:49:59,528][core.datasets.dataset_train][INFO] - Loaded static-hdri-bbox44 dataset, num samples 89741
[2025-09-15 15:56:30,951][core.datasets.dataset_train][INFO] - Loaded zoom-suburbd-bbox44 dataset, num samples 77526
[2025-09-15 15:58:45,367][core.datasets.dataset_train][INFO] - Loaded closeup-suburba-bbox44 dataset, num samples 8959
[2025-09-15 16:00:19,245][core.datasets.dataset_train][INFO] - Loaded closeup-suburbb-bbox44 dataset, num samples 8448
[2025-09-15 16:01:45,958][core.datasets.dataset_train][INFO] - Loaded closeup-suburbc-bbox44 dataset, num samples 8801
[2025-09-15 16:03:14,163][core.datasets.dataset_train][INFO] - Loaded closeup-suburbd-bbox44 dataset, num samples 8457
[2025-09-15 16:04:25,529][core.datasets.dataset_train][INFO] - Loaded closeup-gym-bbox44 dataset, num samples 17135
[2025-09-15 16:06:44,609][core.datasets.dataset_train][INFO] - Loaded zoom-gym-bbox44 dataset, num samples 72104
[2025-09-15 16:16:28,473][core.datasets.dataset_train][WARNING] - zoom-gym-bbox44: 47055 missing images. Skipping those samples.
[2025-09-15 16:16:28,695][core.datasets.dataset_train][INFO] - Loaded static-gym-bbox44 dataset, num samples 83185
[2025-09-15 16:17:13,456][core.datasets.dataset_train][INFO] - Loaded static-office-bbox44 dataset, num samples 21991
[2025-09-15 16:17:36,012][core.datasets.dataset_train][INFO] - Loaded orbit-office-bbox44 dataset, num samples 21852
[2025-09-15 16:17:58,530][core.datasets.dataset_train][INFO] - Loaded static-hdri-zoomed-bbox44 dataset, num samples 86660
[2025-09-15 16:19:29,118][core.datasets.dataset_train][INFO] - Loaded pitchup-stadium-bbox44 dataset, num samples 36325
[2025-09-15 16:19:52,128][core.datasets.dataset_train][INFO] - Loaded pitchdown-stadium-bbox44 dataset, num samples 36889
[2025-09-15 16:20:14,721][core.datasets.dataset_train][INFO] - Loaded static-hdri-bmi-bbox44 dataset, num samples 22749
[2025-09-15 16:20:38,363][core.datasets.dataset_train][INFO] - Loaded closeup-suburbb-bmi-bbox44 dataset, num samples 8769
[2025-09-15 16:21:29,692][core.datasets.dataset_train][INFO] - Loaded closeup-suburbc-bmi-bbox44 dataset, num samples 8245
[2025-09-15 16:22:52,381][core.datasets.dataset_train][INFO] - Loaded static-suburbd-bmi-bbox44 dataset, num samples 150860
[2025-09-15 16:27:56,019][core.datasets.dataset_train][INFO] - Loaded zoom-gym-bmi-bbox44 dataset, num samples 31019
[2025-09-15 16:29:11,141][core.datasets.dataset_train][INFO] - Loaded static-office-hair-bbox44 dataset, num samples 21731
[2025-09-15 16:29:12,753][core.datasets.dataset_train][INFO] - Loaded zoom-suburbd-hair-bbox44 dataset, num samples 23017
[2025-09-15 16:29:13,341][core.datasets.dataset_train][INFO] - Loaded static-gym-hair-bbox44 dataset, num samples 17553
[2025-09-15 16:29:13,964][core.datasets.dataset_train][INFO] - Loaded orbit-archviz-15-bbox44 dataset, num samples 22305
[2025-09-15 16:30:27,908][core.datasets.dataset_train][INFO] - Loaded orbit-archviz-19-bbox44 dataset, num samples 22623
[2025-09-15 16:31:53,364][core.datasets.dataset_train][INFO] - Loaded orbit-archviz-12-bbox44 dataset, num samples 22569
[2025-09-15 16:33:17,493][core.datasets.dataset_train][INFO] - Loaded orbit-archviz-10-bbox44 dataset, num samples 21825
[2025-09-15 16:34:40,629][core.datasets.dataset_val][INFO] - Loaded zoom-suburbd-bbox44 dataset, num samples 77526
[2025-09-15 19:17:40,556][core.utils.misc][ERROR] - 
Traceback (most recent call last):
  File "/picassox/vepfs-mtlab-train-base-new/human-body/dry/envs/video_tryon/lib/python3.10/site-packages/pytorch_lightning/trainer/call.py", line 48, in _call_and_handle_interrupt
    return trainer.strategy.launcher.launch(trainer_fn, *args, trainer=trainer, **kwargs)
  File "/picassox/vepfs-mtlab-train-base-new/human-body/dry/envs/video_tryon/lib/python3.10/site-packages/pytorch_lightning/strategies/launchers/subprocess_script.py", line 105, in launch
    return function(*args, **kwargs)
  File "/picassox/vepfs-mtlab-train-base-new/human-body/dry/envs/video_tryon/lib/python3.10/site-packages/pytorch_lightning/trainer/trainer.py", line 599, in _fit_impl
    self._run(model, ckpt_path=ckpt_path)
  File "/picassox/vepfs-mtlab-train-base-new/human-body/dry/envs/video_tryon/lib/python3.10/site-packages/pytorch_lightning/trainer/trainer.py", line 1012, in _run
    results = self._run_stage()
  File "/picassox/vepfs-mtlab-train-base-new/human-body/dry/envs/video_tryon/lib/python3.10/site-packages/pytorch_lightning/trainer/trainer.py", line 1056, in _run_stage
    self.fit_loop.run()
  File "/picassox/vepfs-mtlab-train-base-new/human-body/dry/envs/video_tryon/lib/python3.10/site-packages/pytorch_lightning/loops/fit_loop.py", line 216, in run
    self.advance()
  File "/picassox/vepfs-mtlab-train-base-new/human-body/dry/envs/video_tryon/lib/python3.10/site-packages/pytorch_lightning/loops/fit_loop.py", line 455, in advance
    self.epoch_loop.run(self._data_fetcher)
  File "/picassox/vepfs-mtlab-train-base-new/human-body/dry/envs/video_tryon/lib/python3.10/site-packages/pytorch_lightning/loops/training_epoch_loop.py", line 153, in run
    self.on_advance_end(data_fetcher)
  File "/picassox/vepfs-mtlab-train-base-new/human-body/dry/envs/video_tryon/lib/python3.10/site-packages/pytorch_lightning/loops/training_epoch_loop.py", line 398, in on_advance_end
    self.val_loop.run()
  File "/picassox/vepfs-mtlab-train-base-new/human-body/dry/envs/video_tryon/lib/python3.10/site-packages/pytorch_lightning/loops/utilities.py", line 179, in _decorator
    return loop_run(self, *args, **kwargs)
  File "/picassox/vepfs-mtlab-train-base-new/human-body/dry/envs/video_tryon/lib/python3.10/site-packages/pytorch_lightning/loops/evaluation_loop.py", line 138, in run
    batch, batch_idx, dataloader_idx = next(data_fetcher)
  File "/picassox/vepfs-mtlab-train-base-new/human-body/dry/envs/video_tryon/lib/python3.10/site-packages/pytorch_lightning/loops/fetchers.py", line 134, in __next__
    batch = super().__next__()
  File "/picassox/vepfs-mtlab-train-base-new/human-body/dry/envs/video_tryon/lib/python3.10/site-packages/pytorch_lightning/loops/fetchers.py", line 61, in __next__
    batch = next(self.iterator)
  File "/picassox/vepfs-mtlab-train-base-new/human-body/dry/envs/video_tryon/lib/python3.10/site-packages/pytorch_lightning/utilities/combined_loader.py", line 341, in __next__
    out = next(self._iterator)
  File "/picassox/vepfs-mtlab-train-base-new/human-body/dry/envs/video_tryon/lib/python3.10/site-packages/pytorch_lightning/utilities/combined_loader.py", line 142, in __next__
    out = next(self.iterators[0])
  File "/picassox/vepfs-mtlab-train-base-new/human-body/dry/envs/video_tryon/lib/python3.10/site-packages/torch/utils/data/dataloader.py", line 708, in __next__
    data = self._next_data()
  File "/picassox/vepfs-mtlab-train-base-new/human-body/dry/envs/video_tryon/lib/python3.10/site-packages/torch/utils/data/dataloader.py", line 1458, in _next_data
    idx, data = self._get_data()
  File "/picassox/vepfs-mtlab-train-base-new/human-body/dry/envs/video_tryon/lib/python3.10/site-packages/torch/utils/data/dataloader.py", line 1420, in _get_data
    success, data = self._try_get_data()
  File "/picassox/vepfs-mtlab-train-base-new/human-body/dry/envs/video_tryon/lib/python3.10/site-packages/torch/utils/data/dataloader.py", line 1251, in _try_get_data
    data = self._data_queue.get(timeout=timeout)
  File "/picassox/vepfs-mtlab-train-base-new/human-body/dry/envs/video_tryon/lib/python3.10/multiprocessing/queues.py", line 113, in get
    if not self._poll(timeout):
  File "/picassox/vepfs-mtlab-train-base-new/human-body/dry/envs/video_tryon/lib/python3.10/multiprocessing/connection.py", line 257, in poll
    return self._poll(timeout)
  File "/picassox/vepfs-mtlab-train-base-new/human-body/dry/envs/video_tryon/lib/python3.10/multiprocessing/connection.py", line 424, in _poll
    r = wait([self], timeout)
  File "/picassox/vepfs-mtlab-train-base-new/human-body/dry/envs/video_tryon/lib/python3.10/multiprocessing/connection.py", line 931, in wait
    ready = selector.select(timeout)
  File "/picassox/vepfs-mtlab-train-base-new/human-body/dry/envs/video_tryon/lib/python3.10/selectors.py", line 416, in select
    fd_event_list = self._selector.poll(timeout)
KeyboardInterrupt

During handling of the above exception, another exception occurred:

Traceback (most recent call last):
  File "/picassox/vepfs-mtlab-train-base-new/human-body/weichen.zhang/CameraHMR/core/utils/misc.py", line 39, in wrap
    ret = task_func(cfg=cfg)
  File "/picassox/vepfs-mtlab-train-base-new/human-body/weichen.zhang/CameraHMR/train.py", line 99, in train
    trainer.fit(model, datamodule=datamodule, ckpt_path='last')
  File "/picassox/vepfs-mtlab-train-base-new/human-body/dry/envs/video_tryon/lib/python3.10/site-packages/pytorch_lightning/trainer/trainer.py", line 561, in fit
    call._call_and_handle_interrupt(
  File "/picassox/vepfs-mtlab-train-base-new/human-body/dry/envs/video_tryon/lib/python3.10/site-packages/pytorch_lightning/trainer/call.py", line 62, in _call_and_handle_interrupt
    trainer._teardown()
  File "/picassox/vepfs-mtlab-train-base-new/human-body/dry/envs/video_tryon/lib/python3.10/site-packages/pytorch_lightning/trainer/trainer.py", line 1035, in _teardown
    self.strategy.teardown()
  File "/picassox/vepfs-mtlab-train-base-new/human-body/dry/envs/video_tryon/lib/python3.10/site-packages/pytorch_lightning/strategies/ddp.py", line 419, in teardown
    super().teardown()
  File "/picassox/vepfs-mtlab-train-base-new/human-body/dry/envs/video_tryon/lib/python3.10/site-packages/pytorch_lightning/strategies/parallel.py", line 134, in teardown
    super().teardown()
  File "/picassox/vepfs-mtlab-train-base-new/human-body/dry/envs/video_tryon/lib/python3.10/site-packages/pytorch_lightning/strategies/strategy.py", line 532, in teardown
    _optimizers_to_device(self.optimizers, torch.device("cpu"))
  File "/picassox/vepfs-mtlab-train-base-new/human-body/dry/envs/video_tryon/lib/python3.10/site-packages/lightning_fabric/utilities/optimizer.py", line 27, in _optimizers_to_device
    _optimizer_to_device(opt, device)
  File "/picassox/vepfs-mtlab-train-base-new/human-body/dry/envs/video_tryon/lib/python3.10/site-packages/lightning_fabric/utilities/optimizer.py", line 41, in _optimizer_to_device
    v[key] = move_data_to_device(val, device)
  File "/picassox/vepfs-mtlab-train-base-new/human-body/dry/envs/video_tryon/lib/python3.10/site-packages/lightning_fabric/utilities/apply_func.py", line 110, in move_data_to_device
    return apply_to_collection(batch, dtype=_TransferableDataType, function=batch_to)
  File "/picassox/vepfs-mtlab-train-base-new/human-body/dry/envs/video_tryon/lib/python3.10/site-packages/lightning_utilities/core/apply_func.py", line 66, in apply_to_collection
    return function(data, *args, **kwargs)
  File "/picassox/vepfs-mtlab-train-base-new/human-body/dry/envs/video_tryon/lib/python3.10/site-packages/lightning_fabric/utilities/apply_func.py", line 104, in batch_to
    data_output = data.to(device, **kwargs)
  File "/picassox/vepfs-mtlab-train-base-new/human-body/dry/envs/video_tryon/lib/python3.10/site-packages/torch/utils/data/_utils/signal_handling.py", line 73, in handler
    _error_if_any_worker_fails()
RuntimeError: DataLoader worker (pid 179761) exited unexpectedly with exit code 1. Details are lost due to multiprocessing. Rerunning with num_workers=0 may give better error trace.
[2025-09-15 19:17:40,590][core.utils.misc][INFO] - Closing loggers...
[2025-09-15 19:31:14,520][__main__][INFO] - Logging hyperparameters!
[2025-09-15 19:31:19,302][core.datasets.dataset_train][INFO] - Loaded agora-body-bbox44 dataset, num samples 82265
[2025-09-15 19:31:21,799][core.datasets.dataset_train][INFO] - Loaded static-hdri-bbox44 dataset, num samples 89741
[2025-09-15 20:52:11,393][core.datasets.dataset_train][INFO] - Loaded zoom-suburbd-bbox44 dataset, num samples 77526
[2025-09-15 21:25:48,174][core.datasets.dataset_train][INFO] - Loaded closeup-suburba-bbox44 dataset, num samples 8959
[2025-09-15 21:45:17,942][core.datasets.dataset_train][INFO] - Loaded closeup-suburbb-bbox44 dataset, num samples 8448
[2025-09-15 22:03:42,041][core.datasets.dataset_train][INFO] - Loaded closeup-suburbc-bbox44 dataset, num samples 8801
[2025-09-15 22:22:38,867][core.datasets.dataset_train][INFO] - Loaded closeup-suburbd-bbox44 dataset, num samples 8457
[2025-09-15 22:39:59,351][core.datasets.dataset_train][INFO] - Loaded closeup-gym-bbox44 dataset, num samples 17135
[2025-09-15 23:16:06,125][core.datasets.dataset_train][INFO] - Loaded zoom-gym-bbox44 dataset, num samples 72104
[2025-09-15 23:42:44,326][core.datasets.dataset_train][WARNING] - zoom-gym-bbox44: 47055 missing images. Skipping those samples.
[2025-09-15 23:42:44,543][core.datasets.dataset_train][INFO] - Loaded static-gym-bbox44 dataset, num samples 83185
[2025-09-16 00:14:35,299][core.datasets.dataset_train][INFO] - Loaded static-office-bbox44 dataset, num samples 21991
[2025-09-16 00:33:08,403][core.datasets.dataset_train][INFO] - Loaded orbit-office-bbox44 dataset, num samples 21852
[2025-09-16 00:51:26,282][core.datasets.dataset_train][INFO] - Loaded static-hdri-zoomed-bbox44 dataset, num samples 86660
[2025-09-16 01:33:55,342][core.datasets.dataset_train][INFO] - Loaded pitchup-stadium-bbox44 dataset, num samples 36325
[2025-09-16 01:34:19,758][core.datasets.dataset_train][INFO] - Loaded pitchdown-stadium-bbox44 dataset, num samples 36889
[2025-09-16 01:34:42,653][core.datasets.dataset_train][INFO] - Loaded static-hdri-bmi-bbox44 dataset, num samples 22749
[2025-09-16 01:35:06,870][core.datasets.dataset_train][INFO] - Loaded closeup-suburbb-bmi-bbox44 dataset, num samples 8769
[2025-09-16 01:35:34,641][core.datasets.dataset_train][INFO] - Loaded closeup-suburbc-bmi-bbox44 dataset, num samples 8245
[2025-09-16 01:36:03,388][core.datasets.dataset_train][INFO] - Loaded static-suburbd-bmi-bbox44 dataset, num samples 150860
[2025-09-16 01:37:37,235][core.datasets.dataset_train][INFO] - Loaded zoom-gym-bmi-bbox44 dataset, num samples 31019
[2025-09-16 01:38:00,505][core.datasets.dataset_train][INFO] - Loaded static-office-hair-bbox44 dataset, num samples 21731
[2025-09-16 01:38:00,756][core.datasets.dataset_train][INFO] - Loaded zoom-suburbd-hair-bbox44 dataset, num samples 23017
[2025-09-16 01:38:00,965][core.datasets.dataset_train][INFO] - Loaded static-gym-hair-bbox44 dataset, num samples 17553
[2025-09-16 01:38:01,318][core.datasets.dataset_train][INFO] - Loaded orbit-archviz-15-bbox44 dataset, num samples 22305
[2025-09-16 01:38:30,371][core.datasets.dataset_train][INFO] - Loaded orbit-archviz-19-bbox44 dataset, num samples 22623
[2025-09-16 01:39:52,644][core.datasets.dataset_train][INFO] - Loaded orbit-archviz-12-bbox44 dataset, num samples 22569
[2025-09-16 01:41:10,914][core.datasets.dataset_train][INFO] - Loaded orbit-archviz-10-bbox44 dataset, num samples 21825
[2025-09-16 01:42:37,609][core.datasets.dataset_val][INFO] - Loaded zoom-suburbd-bbox44 dataset, num samples 77526
[2025-09-16 06:29:34,053][core.utils.misc][ERROR] - 
Traceback (most recent call last):
  File "/picassox/vepfs-mtlab-train-base-new/human-body/weichen.zhang/CameraHMR/core/utils/misc.py", line 39, in wrap
    ret = task_func(cfg=cfg)
  File "/picassox/vepfs-mtlab-train-base-new/human-body/weichen.zhang/CameraHMR/train.py", line 99, in train
    trainer.fit(model, datamodule=datamodule, ckpt_path='last')
  File "/picassox/vepfs-mtlab-train-base-new/human-body/dry/envs/video_tryon/lib/python3.10/site-packages/pytorch_lightning/trainer/trainer.py", line 561, in fit
    call._call_and_handle_interrupt(
  File "/picassox/vepfs-mtlab-train-base-new/human-body/dry/envs/video_tryon/lib/python3.10/site-packages/pytorch_lightning/trainer/call.py", line 48, in _call_and_handle_interrupt
    return trainer.strategy.launcher.launch(trainer_fn, *args, trainer=trainer, **kwargs)
  File "/picassox/vepfs-mtlab-train-base-new/human-body/dry/envs/video_tryon/lib/python3.10/site-packages/pytorch_lightning/strategies/launchers/subprocess_script.py", line 105, in launch
    return function(*args, **kwargs)
  File "/picassox/vepfs-mtlab-train-base-new/human-body/dry/envs/video_tryon/lib/python3.10/site-packages/pytorch_lightning/trainer/trainer.py", line 599, in _fit_impl
    self._run(model, ckpt_path=ckpt_path)
  File "/picassox/vepfs-mtlab-train-base-new/human-body/dry/envs/video_tryon/lib/python3.10/site-packages/pytorch_lightning/trainer/trainer.py", line 1012, in _run
    results = self._run_stage()
  File "/picassox/vepfs-mtlab-train-base-new/human-body/dry/envs/video_tryon/lib/python3.10/site-packages/pytorch_lightning/trainer/trainer.py", line 1056, in _run_stage
    self.fit_loop.run()
  File "/picassox/vepfs-mtlab-train-base-new/human-body/dry/envs/video_tryon/lib/python3.10/site-packages/pytorch_lightning/loops/fit_loop.py", line 216, in run
    self.advance()
  File "/picassox/vepfs-mtlab-train-base-new/human-body/dry/envs/video_tryon/lib/python3.10/site-packages/pytorch_lightning/loops/fit_loop.py", line 455, in advance
    self.epoch_loop.run(self._data_fetcher)
  File "/picassox/vepfs-mtlab-train-base-new/human-body/dry/envs/video_tryon/lib/python3.10/site-packages/pytorch_lightning/loops/training_epoch_loop.py", line 152, in run
    self.advance(data_fetcher)
  File "/picassox/vepfs-mtlab-train-base-new/human-body/dry/envs/video_tryon/lib/python3.10/site-packages/pytorch_lightning/loops/training_epoch_loop.py", line 310, in advance
    batch, _, __ = next(data_fetcher)
  File "/picassox/vepfs-mtlab-train-base-new/human-body/dry/envs/video_tryon/lib/python3.10/site-packages/pytorch_lightning/loops/fetchers.py", line 134, in __next__
    batch = super().__next__()
  File "/picassox/vepfs-mtlab-train-base-new/human-body/dry/envs/video_tryon/lib/python3.10/site-packages/pytorch_lightning/loops/fetchers.py", line 61, in __next__
    batch = next(self.iterator)
  File "/picassox/vepfs-mtlab-train-base-new/human-body/dry/envs/video_tryon/lib/python3.10/site-packages/pytorch_lightning/utilities/combined_loader.py", line 341, in __next__
    out = next(self._iterator)
  File "/picassox/vepfs-mtlab-train-base-new/human-body/dry/envs/video_tryon/lib/python3.10/site-packages/pytorch_lightning/utilities/combined_loader.py", line 78, in __next__
    out[i] = next(self.iterators[i])
  File "/picassox/vepfs-mtlab-train-base-new/human-body/dry/envs/video_tryon/lib/python3.10/site-packages/torch/utils/data/dataloader.py", line 708, in __next__
    data = self._next_data()
  File "/picassox/vepfs-mtlab-train-base-new/human-body/dry/envs/video_tryon/lib/python3.10/site-packages/torch/utils/data/dataloader.py", line 1455, in _next_data
    return self._process_data(data)
  File "/picassox/vepfs-mtlab-train-base-new/human-body/dry/envs/video_tryon/lib/python3.10/site-packages/torch/utils/data/dataloader.py", line 1505, in _process_data
    data.reraise()
  File "/picassox/vepfs-mtlab-train-base-new/human-body/dry/envs/video_tryon/lib/python3.10/site-packages/torch/_utils.py", line 733, in reraise
    raise exception
TypeError: Caught TypeError in DataLoader worker process 10.
Original Traceback (most recent call last):
  File "/picassox/vepfs-mtlab-train-base-new/human-body/dry/envs/video_tryon/lib/python3.10/site-packages/torch/utils/data/_utils/worker.py", line 349, in _worker_loop
    data = fetcher.fetch(index)  # type: ignore[possibly-undefined]
  File "/picassox/vepfs-mtlab-train-base-new/human-body/dry/envs/video_tryon/lib/python3.10/site-packages/torch/utils/data/_utils/fetch.py", line 52, in fetch
    data = [self.dataset[idx] for idx in possibly_batched_index]
  File "/picassox/vepfs-mtlab-train-base-new/human-body/dry/envs/video_tryon/lib/python3.10/site-packages/torch/utils/data/_utils/fetch.py", line 52, in <listcomp>
    data = [self.dataset[idx] for idx in possibly_batched_index]
  File "/picassox/vepfs-mtlab-train-base-new/human-body/dry/envs/video_tryon/lib/python3.10/site-packages/torch/utils/data/dataset.py", line 350, in __getitem__
    return self.datasets[dataset_idx][sample_idx]
  File "/picassox/vepfs-mtlab-train-base-new/human-body/weichen.zhang/CameraHMR/core/datasets/dataset_train.py", line 105, in __getitem__
    cv_img = cv_img[:, :, ::-1]
TypeError: 'NoneType' object is not subscriptable

[2025-09-16 06:29:34,063][core.utils.misc][INFO] - Closing loggers...
[2025-09-16 13:06:28,619][__main__][INFO] - Logging hyperparameters!
[2025-09-16 13:06:29,878][core.datasets.dataset_train][INFO] - Loaded emdb-smpl dataset, num samples 24117
[2025-09-16 13:06:49,574][core.datasets.dataset_val][INFO] - Loaded emdb-smpl dataset, num samples 24117
[2025-09-16 13:06:51,089][core.utils.misc][INFO] - Closing loggers...
[2025-09-16 13:10:07,651][__main__][INFO] - Logging hyperparameters!
[2025-09-16 13:10:09,144][core.datasets.dataset_train][INFO] - Loaded agora-body-bbox44 dataset, num samples 82265
[2025-09-16 13:10:15,097][core.datasets.dataset_train][INFO] - Loaded static-hdri-bbox44 dataset, num samples 89741
[2025-09-16 13:10:35,063][core.datasets.dataset_train][INFO] - Loaded zoom-suburbd-bbox44 dataset, num samples 77526
[2025-09-16 13:10:45,053][core.datasets.dataset_train][INFO] - Loaded closeup-suburba-bbox44 dataset, num samples 8959
[2025-09-16 13:10:51,132][core.datasets.dataset_train][INFO] - Loaded closeup-suburbb-bbox44 dataset, num samples 8448
[2025-09-16 13:10:56,930][core.datasets.dataset_train][INFO] - Loaded closeup-suburbc-bbox44 dataset, num samples 8801
[2025-09-16 13:11:02,799][core.datasets.dataset_train][INFO] - Loaded closeup-suburbd-bbox44 dataset, num samples 8457
[2025-09-16 13:11:08,874][core.datasets.dataset_train][INFO] - Loaded closeup-gym-bbox44 dataset, num samples 17135
[2025-09-16 13:11:20,214][core.datasets.dataset_train][INFO] - Loaded zoom-gym-bbox44 dataset, num samples 72104
[2025-09-16 13:11:23,450][core.utils.misc][INFO] - Closing loggers...
[2025-09-16 13:12:06,217][__main__][INFO] - Logging hyperparameters!
[2025-09-16 13:12:07,698][core.datasets.dataset_train][INFO] - Loaded agora-body-bbox44 dataset, num samples 82265
[2025-09-16 13:12:14,297][core.datasets.dataset_train][INFO] - Loaded static-hdri-bbox44 dataset, num samples 89741
[2025-09-16 13:12:34,835][core.datasets.dataset_train][INFO] - Loaded zoom-suburbd-bbox44 dataset, num samples 77526
[2025-09-16 13:12:44,924][core.datasets.dataset_train][INFO] - Loaded closeup-suburba-bbox44 dataset, num samples 8959
[2025-09-16 13:12:51,289][core.datasets.dataset_train][INFO] - Loaded closeup-suburbb-bbox44 dataset, num samples 8448
[2025-09-16 13:12:57,020][core.datasets.dataset_train][INFO] - Loaded closeup-suburbc-bbox44 dataset, num samples 8801
[2025-09-16 13:13:02,794][core.datasets.dataset_train][INFO] - Loaded closeup-suburbd-bbox44 dataset, num samples 8457
[2025-09-16 13:13:09,009][core.datasets.dataset_train][INFO] - Loaded closeup-gym-bbox44 dataset, num samples 17135
[2025-09-16 13:13:20,450][core.datasets.dataset_train][INFO] - Loaded zoom-gym-bbox44 dataset, num samples 72104
[2025-09-16 13:13:30,207][core.datasets.dataset_train][INFO] - Loaded static-gym-bbox44 dataset, num samples 83185
[2025-09-16 13:13:40,829][core.datasets.dataset_train][INFO] - Loaded static-office-bbox44 dataset, num samples 21991
[2025-09-16 13:13:46,039][core.datasets.dataset_train][INFO] - Loaded orbit-office-bbox44 dataset, num samples 21852
[2025-09-16 13:13:51,202][core.datasets.dataset_train][INFO] - Loaded static-hdri-zoomed-bbox44 dataset, num samples 86660
[2025-09-16 13:14:12,410][core.datasets.dataset_train][INFO] - Loaded pitchup-stadium-bbox44 dataset, num samples 36325
[2025-09-16 13:14:17,215][core.datasets.dataset_train][INFO] - Loaded pitchdown-stadium-bbox44 dataset, num samples 36889
[2025-09-16 13:14:21,999][core.datasets.dataset_train][INFO] - Loaded static-hdri-bmi-bbox44 dataset, num samples 22749
[2025-09-16 13:14:23,223][core.datasets.dataset_train][INFO] - Loaded closeup-suburbb-bmi-bbox44 dataset, num samples 8769
[2025-09-16 13:14:28,926][core.datasets.dataset_train][INFO] - Loaded closeup-suburbc-bmi-bbox44 dataset, num samples 8245
[2025-09-16 13:14:34,593][core.datasets.dataset_train][INFO] - Loaded static-suburbd-bmi-bbox44 dataset, num samples 150860
[2025-09-16 13:14:47,801][core.datasets.dataset_train][WARNING] - static-suburbd-bmi-bbox44: 47809 missing images. Skipping those samples.
[2025-09-16 13:14:47,933][core.datasets.dataset_train][INFO] - Loaded zoom-gym-bmi-bbox44 dataset, num samples 31019
[2025-09-16 13:14:52,680][core.datasets.dataset_train][INFO] - Loaded static-office-hair-bbox44 dataset, num samples 21731
[2025-09-16 13:14:57,292][core.datasets.dataset_train][INFO] - Loaded zoom-suburbd-hair-bbox44 dataset, num samples 23017
[2025-09-16 13:14:59,046][core.datasets.dataset_train][INFO] - Loaded static-gym-hair-bbox44 dataset, num samples 17553
[2025-09-16 13:15:00,889][core.datasets.dataset_train][INFO] - Loaded orbit-archviz-15-bbox44 dataset, num samples 22305
[2025-09-16 13:15:05,369][core.datasets.dataset_train][INFO] - Loaded orbit-archviz-19-bbox44 dataset, num samples 22623
[2025-09-16 13:15:10,611][core.datasets.dataset_train][INFO] - Loaded orbit-archviz-12-bbox44 dataset, num samples 22569
[2025-09-16 13:15:14,928][core.datasets.dataset_train][INFO] - Loaded orbit-archviz-10-bbox44 dataset, num samples 21825
[2025-09-16 13:15:21,694][core.datasets.dataset_train][INFO] - Loaded insta-1 dataset, num samples 1258262
[2025-09-16 13:15:28,733][core.datasets.dataset_train][WARNING] - insta-1: 1258262 missing images. Skipping those samples.
[2025-09-16 13:15:32,179][core.datasets.dataset_train][INFO] - Loaded insta-2 dataset, num samples 1546764
[2025-09-16 13:15:41,001][core.datasets.dataset_train][WARNING] - insta-2: 1546764 missing images. Skipping those samples.
[2025-09-16 13:15:41,190][core.datasets.dataset_train][INFO] - Loaded coco-train dataset, num samples 39668
[2025-09-16 13:15:41,406][core.datasets.dataset_train][WARNING] - coco-train: 39668 missing images. Skipping those samples.
[2025-09-16 13:15:41,438][core.datasets.dataset_train][INFO] - Loaded mpii-train dataset, num samples 7135
[2025-09-16 13:15:41,478][core.datasets.dataset_train][WARNING] - mpii-train: 7135 missing images. Skipping those samples.
[2025-09-16 13:15:42,325][core.datasets.dataset_train][INFO] - Loaded aic dataset, num samples 535161
[2025-09-16 13:15:46,034][core.datasets.dataset_train][WARNING] - aic: 535161 missing images. Skipping those samples.
[2025-09-16 13:15:52,979][core.datasets.dataset_val][INFO] - Loaded emdb-smpl dataset, num samples 24117
